Document: ID=invented.txt (38 sentences, 408 tokens)

Sentence #1 (9 tokens):
Jill is more competent in badminton than Harry.

Tokens:
[Text=Jill CharacterOffsetBegin=0 CharacterOffsetEnd=4 PartOfSpeech=NNP]
[Text=is CharacterOffsetBegin=5 CharacterOffsetEnd=7 PartOfSpeech=VBZ]
[Text=more CharacterOffsetBegin=8 CharacterOffsetEnd=12 PartOfSpeech=RBR]
[Text=competent CharacterOffsetBegin=13 CharacterOffsetEnd=22 PartOfSpeech=JJ]
[Text=in CharacterOffsetBegin=23 CharacterOffsetEnd=25 PartOfSpeech=IN]
[Text=badminton CharacterOffsetBegin=26 CharacterOffsetEnd=35 PartOfSpeech=NN]
[Text=than CharacterOffsetBegin=36 CharacterOffsetEnd=40 PartOfSpeech=IN]
[Text=Harry CharacterOffsetBegin=41 CharacterOffsetEnd=46 PartOfSpeech=NNP]
[Text=. CharacterOffsetBegin=46 CharacterOffsetEnd=47 PartOfSpeech=.]

Dependency Parse (enhanced plus plus dependencies):
root(ROOT-0, competent-4)
nsubj(competent-4, Jill-1)
cop(competent-4, is-2)
advmod(competent-4, more-3)
case(badminton-6, in-5)
nmod:in(competent-4, badminton-6)
case(Harry-8, than-7)
nmod:than(competent-4, Harry-8)
punct(competent-4, .-9)

Sentence #2 (13 tokens):
Who can imagine that I think John is more intelligent than Harry.

Tokens:
[Text=Who CharacterOffsetBegin=48 CharacterOffsetEnd=51 PartOfSpeech=WP]
[Text=can CharacterOffsetBegin=52 CharacterOffsetEnd=55 PartOfSpeech=MD]
[Text=imagine CharacterOffsetBegin=56 CharacterOffsetEnd=63 PartOfSpeech=VB]
[Text=that CharacterOffsetBegin=64 CharacterOffsetEnd=68 PartOfSpeech=IN]
[Text=I CharacterOffsetBegin=69 CharacterOffsetEnd=70 PartOfSpeech=PRP]
[Text=think CharacterOffsetBegin=71 CharacterOffsetEnd=76 PartOfSpeech=VBP]
[Text=John CharacterOffsetBegin=77 CharacterOffsetEnd=81 PartOfSpeech=NNP]
[Text=is CharacterOffsetBegin=82 CharacterOffsetEnd=84 PartOfSpeech=VBZ]
[Text=more CharacterOffsetBegin=85 CharacterOffsetEnd=89 PartOfSpeech=RBR]
[Text=intelligent CharacterOffsetBegin=90 CharacterOffsetEnd=101 PartOfSpeech=JJ]
[Text=than CharacterOffsetBegin=102 CharacterOffsetEnd=106 PartOfSpeech=IN]
[Text=Harry CharacterOffsetBegin=107 CharacterOffsetEnd=112 PartOfSpeech=NNP]
[Text=. CharacterOffsetBegin=112 CharacterOffsetEnd=113 PartOfSpeech=.]

Dependency Parse (enhanced plus plus dependencies):
root(ROOT-0, imagine-3)
nsubj(imagine-3, Who-1)
aux(imagine-3, can-2)
mark(think-6, that-4)
nsubj(think-6, I-5)
ccomp(imagine-3, think-6)
nsubj(intelligent-10, John-7)
cop(intelligent-10, is-8)
advmod(intelligent-10, more-9)
ccomp(think-6, intelligent-10)
case(Harry-12, than-11)
nmod:than(intelligent-10, Harry-12)
punct(imagine-3, .-13)

Sentence #3 (7 tokens):
John is more intelligent than Harry.

Tokens:
[Text=John CharacterOffsetBegin=114 CharacterOffsetEnd=118 PartOfSpeech=NNP]
[Text=is CharacterOffsetBegin=119 CharacterOffsetEnd=121 PartOfSpeech=VBZ]
[Text=more CharacterOffsetBegin=122 CharacterOffsetEnd=126 PartOfSpeech=RBR]
[Text=intelligent CharacterOffsetBegin=127 CharacterOffsetEnd=138 PartOfSpeech=JJ]
[Text=than CharacterOffsetBegin=139 CharacterOffsetEnd=143 PartOfSpeech=IN]
[Text=Harry CharacterOffsetBegin=144 CharacterOffsetEnd=149 PartOfSpeech=NNP]
[Text=. CharacterOffsetBegin=149 CharacterOffsetEnd=150 PartOfSpeech=.]

Dependency Parse (enhanced plus plus dependencies):
root(ROOT-0, intelligent-4)
nsubj(intelligent-4, John-1)
cop(intelligent-4, is-2)
advmod(intelligent-4, more-3)
case(Harry-6, than-5)
nmod:than(intelligent-4, Harry-6)
punct(intelligent-4, .-7)

Sentence #4 (6 tokens):
John is taller than Harry.

Tokens:
[Text=John CharacterOffsetBegin=151 CharacterOffsetEnd=155 PartOfSpeech=NNP]
[Text=is CharacterOffsetBegin=156 CharacterOffsetEnd=158 PartOfSpeech=VBZ]
[Text=taller CharacterOffsetBegin=159 CharacterOffsetEnd=165 PartOfSpeech=JJR]
[Text=than CharacterOffsetBegin=166 CharacterOffsetEnd=170 PartOfSpeech=IN]
[Text=Harry CharacterOffsetBegin=171 CharacterOffsetEnd=176 PartOfSpeech=NNP]
[Text=. CharacterOffsetBegin=176 CharacterOffsetEnd=177 PartOfSpeech=.]

Dependency Parse (enhanced plus plus dependencies):
root(ROOT-0, taller-3)
nsubj(taller-3, John-1)
cop(taller-3, is-2)
case(Harry-5, than-4)
nmod:than(taller-3, Harry-5)
punct(taller-3, .-6)

Sentence #5 (9 tokens):
John was wiser in chess than in mess.

Tokens:
[Text=John CharacterOffsetBegin=178 CharacterOffsetEnd=182 PartOfSpeech=NNP]
[Text=was CharacterOffsetBegin=183 CharacterOffsetEnd=186 PartOfSpeech=VBD]
[Text=wiser CharacterOffsetBegin=187 CharacterOffsetEnd=192 PartOfSpeech=JJR]
[Text=in CharacterOffsetBegin=193 CharacterOffsetEnd=195 PartOfSpeech=IN]
[Text=chess CharacterOffsetBegin=196 CharacterOffsetEnd=201 PartOfSpeech=NN]
[Text=than CharacterOffsetBegin=202 CharacterOffsetEnd=206 PartOfSpeech=IN]
[Text=in CharacterOffsetBegin=207 CharacterOffsetEnd=209 PartOfSpeech=IN]
[Text=mess CharacterOffsetBegin=210 CharacterOffsetEnd=214 PartOfSpeech=NN]
[Text=. CharacterOffsetBegin=214 CharacterOffsetEnd=215 PartOfSpeech=.]

Dependency Parse (enhanced plus plus dependencies):
root(ROOT-0, wiser-3)
nsubj(wiser-3, John-1)
cop(wiser-3, was-2)
case(chess-5, in-4)
nmod:in(wiser-3, chess-5)
case(mess-8, than-6)
case(mess-8, in-7)
nmod:than(wiser-3, mess-8)
punct(wiser-3, .-9)

Sentence #6 (10 tokens):
John had been quicker in chess than in mess.

Tokens:
[Text=John CharacterOffsetBegin=216 CharacterOffsetEnd=220 PartOfSpeech=NNP]
[Text=had CharacterOffsetBegin=221 CharacterOffsetEnd=224 PartOfSpeech=VBD]
[Text=been CharacterOffsetBegin=225 CharacterOffsetEnd=229 PartOfSpeech=VBN]
[Text=quicker CharacterOffsetBegin=230 CharacterOffsetEnd=237 PartOfSpeech=JJR]
[Text=in CharacterOffsetBegin=238 CharacterOffsetEnd=240 PartOfSpeech=IN]
[Text=chess CharacterOffsetBegin=241 CharacterOffsetEnd=246 PartOfSpeech=NN]
[Text=than CharacterOffsetBegin=247 CharacterOffsetEnd=251 PartOfSpeech=IN]
[Text=in CharacterOffsetBegin=252 CharacterOffsetEnd=254 PartOfSpeech=IN]
[Text=mess CharacterOffsetBegin=255 CharacterOffsetEnd=259 PartOfSpeech=NN]
[Text=. CharacterOffsetBegin=259 CharacterOffsetEnd=260 PartOfSpeech=.]

Dependency Parse (enhanced plus plus dependencies):
root(ROOT-0, quicker-4)
nsubj(quicker-4, John-1)
aux(quicker-4, had-2)
cop(quicker-4, been-3)
case(chess-6, in-5)
nmod:in(quicker-4, chess-6)
case(mess-9, than-7)
case(mess-9, in-8)
nmod:than(quicker-4, mess-9)
punct(quicker-4, .-10)

Sentence #7 (10 tokens):
John is more skillful in chess than in mess.

Tokens:
[Text=John CharacterOffsetBegin=261 CharacterOffsetEnd=265 PartOfSpeech=NNP]
[Text=is CharacterOffsetBegin=266 CharacterOffsetEnd=268 PartOfSpeech=VBZ]
[Text=more CharacterOffsetBegin=269 CharacterOffsetEnd=273 PartOfSpeech=RBR]
[Text=skillful CharacterOffsetBegin=274 CharacterOffsetEnd=282 PartOfSpeech=JJ]
[Text=in CharacterOffsetBegin=283 CharacterOffsetEnd=285 PartOfSpeech=IN]
[Text=chess CharacterOffsetBegin=286 CharacterOffsetEnd=291 PartOfSpeech=NN]
[Text=than CharacterOffsetBegin=292 CharacterOffsetEnd=296 PartOfSpeech=IN]
[Text=in CharacterOffsetBegin=297 CharacterOffsetEnd=299 PartOfSpeech=IN]
[Text=mess CharacterOffsetBegin=300 CharacterOffsetEnd=304 PartOfSpeech=NN]
[Text=. CharacterOffsetBegin=304 CharacterOffsetEnd=305 PartOfSpeech=.]

Dependency Parse (enhanced plus plus dependencies):
root(ROOT-0, skillful-4)
nsubj(skillful-4, John-1)
cop(skillful-4, is-2)
advmod(skillful-4, more-3)
case(chess-6, in-5)
nmod:in(skillful-4, chess-6)
case(mess-9, than-7)
case(mess-9, in-8)
nmod:than(skillful-4, mess-9)
punct(skillful-4, .-10)

Sentence #8 (12 tokens):
Smoking is more dangerous in cancer patients than in flu patients.

Tokens:
[Text=Smoking CharacterOffsetBegin=306 CharacterOffsetEnd=313 PartOfSpeech=NN]
[Text=is CharacterOffsetBegin=314 CharacterOffsetEnd=316 PartOfSpeech=VBZ]
[Text=more CharacterOffsetBegin=317 CharacterOffsetEnd=321 PartOfSpeech=RBR]
[Text=dangerous CharacterOffsetBegin=322 CharacterOffsetEnd=331 PartOfSpeech=JJ]
[Text=in CharacterOffsetBegin=332 CharacterOffsetEnd=334 PartOfSpeech=IN]
[Text=cancer CharacterOffsetBegin=335 CharacterOffsetEnd=341 PartOfSpeech=NN]
[Text=patients CharacterOffsetBegin=342 CharacterOffsetEnd=350 PartOfSpeech=NNS]
[Text=than CharacterOffsetBegin=351 CharacterOffsetEnd=355 PartOfSpeech=IN]
[Text=in CharacterOffsetBegin=356 CharacterOffsetEnd=358 PartOfSpeech=IN]
[Text=flu CharacterOffsetBegin=359 CharacterOffsetEnd=362 PartOfSpeech=NN]
[Text=patients CharacterOffsetBegin=363 CharacterOffsetEnd=371 PartOfSpeech=NNS]
[Text=. CharacterOffsetBegin=371 CharacterOffsetEnd=372 PartOfSpeech=.]

Dependency Parse (enhanced plus plus dependencies):
root(ROOT-0, dangerous-4)
nsubj(dangerous-4, Smoking-1)
cop(dangerous-4, is-2)
advmod(dangerous-4, more-3)
case(patients-7, in-5)
compound(patients-7, cancer-6)
nmod:in(dangerous-4, patients-7)
case(patients-11, than-8)
case(patients-11, in-9)
compound(patients-11, flu-10)
advcl:than(dangerous-4, patients-11)
punct(dangerous-4, .-12)

Sentence #9 (8 tokens):
Jill is taller than her twin sister.

Tokens:
[Text=Jill CharacterOffsetBegin=373 CharacterOffsetEnd=377 PartOfSpeech=NNP]
[Text=is CharacterOffsetBegin=378 CharacterOffsetEnd=380 PartOfSpeech=VBZ]
[Text=taller CharacterOffsetBegin=381 CharacterOffsetEnd=387 PartOfSpeech=JJR]
[Text=than CharacterOffsetBegin=388 CharacterOffsetEnd=392 PartOfSpeech=IN]
[Text=her CharacterOffsetBegin=393 CharacterOffsetEnd=396 PartOfSpeech=PRP$]
[Text=twin CharacterOffsetBegin=397 CharacterOffsetEnd=401 PartOfSpeech=NN]
[Text=sister CharacterOffsetBegin=402 CharacterOffsetEnd=408 PartOfSpeech=NN]
[Text=. CharacterOffsetBegin=408 CharacterOffsetEnd=409 PartOfSpeech=.]

Dependency Parse (enhanced plus plus dependencies):
root(ROOT-0, taller-3)
nsubj(taller-3, Jill-1)
cop(taller-3, is-2)
case(sister-7, than-4)
nmod:poss(sister-7, her-5)
compound(sister-7, twin-6)
nmod:than(taller-3, sister-7)
punct(taller-3, .-8)

Sentence #10 (12 tokens):
Serious adverse events were more common with Gabapentin than with placebo.

Tokens:
[Text=Serious CharacterOffsetBegin=410 CharacterOffsetEnd=417 PartOfSpeech=JJ]
[Text=adverse CharacterOffsetBegin=418 CharacterOffsetEnd=425 PartOfSpeech=JJ]
[Text=events CharacterOffsetBegin=426 CharacterOffsetEnd=432 PartOfSpeech=NNS]
[Text=were CharacterOffsetBegin=433 CharacterOffsetEnd=437 PartOfSpeech=VBD]
[Text=more CharacterOffsetBegin=438 CharacterOffsetEnd=442 PartOfSpeech=RBR]
[Text=common CharacterOffsetBegin=443 CharacterOffsetEnd=449 PartOfSpeech=JJ]
[Text=with CharacterOffsetBegin=450 CharacterOffsetEnd=454 PartOfSpeech=IN]
[Text=Gabapentin CharacterOffsetBegin=455 CharacterOffsetEnd=465 PartOfSpeech=NN]
[Text=than CharacterOffsetBegin=466 CharacterOffsetEnd=470 PartOfSpeech=IN]
[Text=with CharacterOffsetBegin=471 CharacterOffsetEnd=475 PartOfSpeech=IN]
[Text=placebo CharacterOffsetBegin=476 CharacterOffsetEnd=483 PartOfSpeech=NN]
[Text=. CharacterOffsetBegin=483 CharacterOffsetEnd=484 PartOfSpeech=.]

Dependency Parse (enhanced plus plus dependencies):
root(ROOT-0, common-6)
amod(events-3, Serious-1)
amod(events-3, adverse-2)
nsubj(common-6, events-3)
cop(common-6, were-4)
advmod(common-6, more-5)
case(Gabapentin-8, with-7)
nmod:with(common-6, Gabapentin-8)
case(placebo-11, than-9)
case(placebo-11, with-10)
nmod:than(common-6, placebo-11)
punct(common-6, .-12)

Sentence #11 (11 tokens):
Positive effects were more common with Gabapentin than side effects.

Tokens:
[Text=Positive CharacterOffsetBegin=485 CharacterOffsetEnd=493 PartOfSpeech=JJ]
[Text=effects CharacterOffsetBegin=494 CharacterOffsetEnd=501 PartOfSpeech=NNS]
[Text=were CharacterOffsetBegin=502 CharacterOffsetEnd=506 PartOfSpeech=VBD]
[Text=more CharacterOffsetBegin=507 CharacterOffsetEnd=511 PartOfSpeech=RBR]
[Text=common CharacterOffsetBegin=512 CharacterOffsetEnd=518 PartOfSpeech=JJ]
[Text=with CharacterOffsetBegin=519 CharacterOffsetEnd=523 PartOfSpeech=IN]
[Text=Gabapentin CharacterOffsetBegin=524 CharacterOffsetEnd=534 PartOfSpeech=NN]
[Text=than CharacterOffsetBegin=535 CharacterOffsetEnd=539 PartOfSpeech=IN]
[Text=side CharacterOffsetBegin=540 CharacterOffsetEnd=544 PartOfSpeech=JJ]
[Text=effects CharacterOffsetBegin=545 CharacterOffsetEnd=552 PartOfSpeech=NNS]
[Text=. CharacterOffsetBegin=552 CharacterOffsetEnd=553 PartOfSpeech=.]

Dependency Parse (enhanced plus plus dependencies):
root(ROOT-0, common-5)
amod(effects-2, Positive-1)
nsubj(common-5, effects-2)
cop(common-5, were-3)
advmod(common-5, more-4)
case(Gabapentin-7, with-6)
nmod:with(common-5, Gabapentin-7)
case(effects-10, than-8)
amod(effects-10, side-9)
nmod:than(common-5, effects-10)
punct(common-5, .-11)

Sentence #12 (12 tokens):
In New York, thunderstorm is more likely than in Boston.

Tokens:
[Text=In CharacterOffsetBegin=554 CharacterOffsetEnd=556 PartOfSpeech=IN]
[Text=New CharacterOffsetBegin=557 CharacterOffsetEnd=560 PartOfSpeech=NNP]
[Text=York CharacterOffsetBegin=561 CharacterOffsetEnd=565 PartOfSpeech=NNP]
[Text=, CharacterOffsetBegin=565 CharacterOffsetEnd=566 PartOfSpeech=,]
[Text=thunderstorm CharacterOffsetBegin=567 CharacterOffsetEnd=579 PartOfSpeech=NN]
[Text=is CharacterOffsetBegin=580 CharacterOffsetEnd=582 PartOfSpeech=VBZ]
[Text=more CharacterOffsetBegin=583 CharacterOffsetEnd=587 PartOfSpeech=RBR]
[Text=likely CharacterOffsetBegin=588 CharacterOffsetEnd=594 PartOfSpeech=JJ]
[Text=than CharacterOffsetBegin=595 CharacterOffsetEnd=599 PartOfSpeech=IN]
[Text=in CharacterOffsetBegin=600 CharacterOffsetEnd=602 PartOfSpeech=IN]
[Text=Boston CharacterOffsetBegin=603 CharacterOffsetEnd=609 PartOfSpeech=NNP]
[Text=. CharacterOffsetBegin=609 CharacterOffsetEnd=610 PartOfSpeech=.]

Dependency Parse (enhanced plus plus dependencies):
root(ROOT-0, likely-8)
case(York-3, In-1)
compound(York-3, New-2)
nmod:in(likely-8, York-3)
punct(likely-8, ,-4)
nsubj(likely-8, thunderstorm-5)
cop(likely-8, is-6)
advmod(likely-8, more-7)
case(Boston-11, than-9)
case(Boston-11, in-10)
nmod:than(likely-8, Boston-11)
punct(likely-8, .-12)

Sentence #13 (14 tokens):
In New York, thunderstorm is more likely in winter than in summer.

Tokens:
[Text=In CharacterOffsetBegin=611 CharacterOffsetEnd=613 PartOfSpeech=IN]
[Text=New CharacterOffsetBegin=614 CharacterOffsetEnd=617 PartOfSpeech=NNP]
[Text=York CharacterOffsetBegin=618 CharacterOffsetEnd=622 PartOfSpeech=NNP]
[Text=, CharacterOffsetBegin=622 CharacterOffsetEnd=623 PartOfSpeech=,]
[Text=thunderstorm CharacterOffsetBegin=624 CharacterOffsetEnd=636 PartOfSpeech=NN]
[Text=is CharacterOffsetBegin=637 CharacterOffsetEnd=639 PartOfSpeech=VBZ]
[Text=more CharacterOffsetBegin=640 CharacterOffsetEnd=644 PartOfSpeech=RBR]
[Text=likely CharacterOffsetBegin=645 CharacterOffsetEnd=651 PartOfSpeech=JJ]
[Text=in CharacterOffsetBegin=652 CharacterOffsetEnd=654 PartOfSpeech=IN]
[Text=winter CharacterOffsetBegin=655 CharacterOffsetEnd=661 PartOfSpeech=NN]
[Text=than CharacterOffsetBegin=662 CharacterOffsetEnd=666 PartOfSpeech=IN]
[Text=in CharacterOffsetBegin=667 CharacterOffsetEnd=669 PartOfSpeech=IN]
[Text=summer CharacterOffsetBegin=670 CharacterOffsetEnd=676 PartOfSpeech=NN]
[Text=. CharacterOffsetBegin=676 CharacterOffsetEnd=677 PartOfSpeech=.]

Dependency Parse (enhanced plus plus dependencies):
root(ROOT-0, likely-8)
case(York-3, In-1)
compound(York-3, New-2)
nmod:in(likely-8, York-3)
punct(likely-8, ,-4)
nsubj(likely-8, thunderstorm-5)
cop(likely-8, is-6)
advmod(likely-8, more-7)
case(winter-10, in-9)
nmod:in(likely-8, winter-10)
case(summer-13, than-11)
case(summer-13, in-12)
nmod:than(likely-8, summer-13)
punct(likely-8, .-14)

Sentence #14 (10 tokens):
She is more talented in this field than him.

Tokens:
[Text=She CharacterOffsetBegin=678 CharacterOffsetEnd=681 PartOfSpeech=PRP]
[Text=is CharacterOffsetBegin=682 CharacterOffsetEnd=684 PartOfSpeech=VBZ]
[Text=more CharacterOffsetBegin=685 CharacterOffsetEnd=689 PartOfSpeech=RBR]
[Text=talented CharacterOffsetBegin=690 CharacterOffsetEnd=698 PartOfSpeech=JJ]
[Text=in CharacterOffsetBegin=699 CharacterOffsetEnd=701 PartOfSpeech=IN]
[Text=this CharacterOffsetBegin=702 CharacterOffsetEnd=706 PartOfSpeech=DT]
[Text=field CharacterOffsetBegin=707 CharacterOffsetEnd=712 PartOfSpeech=NN]
[Text=than CharacterOffsetBegin=713 CharacterOffsetEnd=717 PartOfSpeech=IN]
[Text=him CharacterOffsetBegin=718 CharacterOffsetEnd=721 PartOfSpeech=PRP]
[Text=. CharacterOffsetBegin=721 CharacterOffsetEnd=722 PartOfSpeech=.]

Dependency Parse (enhanced plus plus dependencies):
root(ROOT-0, talented-4)
nsubj(talented-4, She-1)
cop(talented-4, is-2)
advmod(talented-4, more-3)
case(field-7, in-5)
det(field-7, this-6)
nmod:in(talented-4, field-7)
case(him-9, than-8)
nmod:than(talented-4, him-9)
punct(talented-4, .-10)

Sentence #15 (11 tokens):
In summer, thunderstorm is more likely than in winter.

Tokens:
[Text=In CharacterOffsetBegin=723 CharacterOffsetEnd=725 PartOfSpeech=IN]
[Text=summer CharacterOffsetBegin=726 CharacterOffsetEnd=732 PartOfSpeech=NN]
[Text=, CharacterOffsetBegin=732 CharacterOffsetEnd=733 PartOfSpeech=,]
[Text=thunderstorm CharacterOffsetBegin=734 CharacterOffsetEnd=746 PartOfSpeech=NN]
[Text=is CharacterOffsetBegin=747 CharacterOffsetEnd=749 PartOfSpeech=VBZ]
[Text=more CharacterOffsetBegin=750 CharacterOffsetEnd=754 PartOfSpeech=RBR]
[Text=likely CharacterOffsetBegin=755 CharacterOffsetEnd=761 PartOfSpeech=JJ]
[Text=than CharacterOffsetBegin=762 CharacterOffsetEnd=766 PartOfSpeech=IN]
[Text=in CharacterOffsetBegin=767 CharacterOffsetEnd=769 PartOfSpeech=IN]
[Text=winter CharacterOffsetBegin=770 CharacterOffsetEnd=776 PartOfSpeech=NN]
[Text=. CharacterOffsetBegin=776 CharacterOffsetEnd=777 PartOfSpeech=.]

Dependency Parse (enhanced plus plus dependencies):
root(ROOT-0, likely-7)
case(summer-2, In-1)
nmod:in(likely-7, summer-2)
punct(likely-7, ,-3)
nsubj(likely-7, thunderstorm-4)
cop(likely-7, is-5)
advmod(likely-7, more-6)
case(winter-10, than-8)
case(winter-10, in-9)
nmod:than(likely-7, winter-10)
punct(likely-7, .-11)

Sentence #16 (10 tokens):
In chess, John was wiser than in mess.

Tokens:
[Text=In CharacterOffsetBegin=778 CharacterOffsetEnd=780 PartOfSpeech=IN]
[Text=chess CharacterOffsetBegin=781 CharacterOffsetEnd=786 PartOfSpeech=NN]
[Text=, CharacterOffsetBegin=786 CharacterOffsetEnd=787 PartOfSpeech=,]
[Text=John CharacterOffsetBegin=788 CharacterOffsetEnd=792 PartOfSpeech=NNP]
[Text=was CharacterOffsetBegin=793 CharacterOffsetEnd=796 PartOfSpeech=VBD]
[Text=wiser CharacterOffsetBegin=797 CharacterOffsetEnd=802 PartOfSpeech=JJR]
[Text=than CharacterOffsetBegin=803 CharacterOffsetEnd=807 PartOfSpeech=IN]
[Text=in CharacterOffsetBegin=808 CharacterOffsetEnd=810 PartOfSpeech=IN]
[Text=mess CharacterOffsetBegin=811 CharacterOffsetEnd=815 PartOfSpeech=NN]
[Text=. CharacterOffsetBegin=815 CharacterOffsetEnd=816 PartOfSpeech=.]

Dependency Parse (enhanced plus plus dependencies):
root(ROOT-0, wiser-6)
case(chess-2, In-1)
nmod:in(wiser-6, chess-2)
punct(wiser-6, ,-3)
nsubj(wiser-6, John-4)
cop(wiser-6, was-5)
case(mess-9, than-7)
case(mess-9, in-8)
nmod:than(wiser-6, mess-9)
punct(wiser-6, .-10)

Sentence #17 (8 tokens):
John is not much taller than Harry.

Tokens:
[Text=John CharacterOffsetBegin=817 CharacterOffsetEnd=821 PartOfSpeech=NNP]
[Text=is CharacterOffsetBegin=822 CharacterOffsetEnd=824 PartOfSpeech=VBZ]
[Text=not CharacterOffsetBegin=825 CharacterOffsetEnd=828 PartOfSpeech=RB]
[Text=much CharacterOffsetBegin=829 CharacterOffsetEnd=833 PartOfSpeech=JJ]
[Text=taller CharacterOffsetBegin=834 CharacterOffsetEnd=840 PartOfSpeech=JJR]
[Text=than CharacterOffsetBegin=841 CharacterOffsetEnd=845 PartOfSpeech=IN]
[Text=Harry CharacterOffsetBegin=846 CharacterOffsetEnd=851 PartOfSpeech=NNP]
[Text=. CharacterOffsetBegin=851 CharacterOffsetEnd=852 PartOfSpeech=.]

Dependency Parse (enhanced plus plus dependencies):
root(ROOT-0, taller-5)
nsubj(taller-5, John-1)
cop(taller-5, is-2)
neg(taller-5, not-3)
advmod(taller-5, much-4)
case(Harry-7, than-6)
nmod:than(taller-5, Harry-7)
punct(taller-5, .-8)

Sentence #18 (13 tokens):
A storm is not much more likely in Ankara than in Istanbul.

Tokens:
[Text=A CharacterOffsetBegin=853 CharacterOffsetEnd=854 PartOfSpeech=DT]
[Text=storm CharacterOffsetBegin=855 CharacterOffsetEnd=860 PartOfSpeech=NN]
[Text=is CharacterOffsetBegin=861 CharacterOffsetEnd=863 PartOfSpeech=VBZ]
[Text=not CharacterOffsetBegin=864 CharacterOffsetEnd=867 PartOfSpeech=RB]
[Text=much CharacterOffsetBegin=868 CharacterOffsetEnd=872 PartOfSpeech=RB]
[Text=more CharacterOffsetBegin=873 CharacterOffsetEnd=877 PartOfSpeech=RBR]
[Text=likely CharacterOffsetBegin=878 CharacterOffsetEnd=884 PartOfSpeech=JJ]
[Text=in CharacterOffsetBegin=885 CharacterOffsetEnd=887 PartOfSpeech=IN]
[Text=Ankara CharacterOffsetBegin=888 CharacterOffsetEnd=894 PartOfSpeech=NNP]
[Text=than CharacterOffsetBegin=895 CharacterOffsetEnd=899 PartOfSpeech=IN]
[Text=in CharacterOffsetBegin=900 CharacterOffsetEnd=902 PartOfSpeech=IN]
[Text=Istanbul CharacterOffsetBegin=903 CharacterOffsetEnd=911 PartOfSpeech=NNP]
[Text=. CharacterOffsetBegin=911 CharacterOffsetEnd=912 PartOfSpeech=.]

Dependency Parse (enhanced plus plus dependencies):
root(ROOT-0, likely-7)
det(storm-2, A-1)
nsubj(likely-7, storm-2)
cop(likely-7, is-3)
neg(likely-7, not-4)
advmod(more-6, much-5)
advmod(likely-7, more-6)
case(Ankara-9, in-8)
nmod:in(likely-7, Ankara-9)
case(Istanbul-12, than-10)
case(Istanbul-12, in-11)
nmod:than(likely-7, Istanbul-12)
punct(likely-7, .-13)

Sentence #19 (7 tokens):
John is less tall than Harry.

Tokens:
[Text=John CharacterOffsetBegin=913 CharacterOffsetEnd=917 PartOfSpeech=NNP]
[Text=is CharacterOffsetBegin=918 CharacterOffsetEnd=920 PartOfSpeech=VBZ]
[Text=less CharacterOffsetBegin=921 CharacterOffsetEnd=925 PartOfSpeech=RBR]
[Text=tall CharacterOffsetBegin=926 CharacterOffsetEnd=930 PartOfSpeech=JJ]
[Text=than CharacterOffsetBegin=931 CharacterOffsetEnd=935 PartOfSpeech=IN]
[Text=Harry CharacterOffsetBegin=936 CharacterOffsetEnd=941 PartOfSpeech=NNP]
[Text=. CharacterOffsetBegin=941 CharacterOffsetEnd=942 PartOfSpeech=.]

Dependency Parse (enhanced plus plus dependencies):
root(ROOT-0, tall-4)
nsubj(tall-4, John-1)
cop(tall-4, is-2)
advmod(tall-4, less-3)
case(Harry-6, than-5)
nmod:than(tall-4, Harry-6)
punct(tall-4, .-7)

Sentence #20 (8 tokens):
John is not less tall than Harry.

Tokens:
[Text=John CharacterOffsetBegin=943 CharacterOffsetEnd=947 PartOfSpeech=NNP]
[Text=is CharacterOffsetBegin=948 CharacterOffsetEnd=950 PartOfSpeech=VBZ]
[Text=not CharacterOffsetBegin=951 CharacterOffsetEnd=954 PartOfSpeech=RB]
[Text=less CharacterOffsetBegin=955 CharacterOffsetEnd=959 PartOfSpeech=JJR]
[Text=tall CharacterOffsetBegin=960 CharacterOffsetEnd=964 PartOfSpeech=JJ]
[Text=than CharacterOffsetBegin=965 CharacterOffsetEnd=969 PartOfSpeech=IN]
[Text=Harry CharacterOffsetBegin=970 CharacterOffsetEnd=975 PartOfSpeech=NNP]
[Text=. CharacterOffsetBegin=975 CharacterOffsetEnd=976 PartOfSpeech=.]

Dependency Parse (enhanced plus plus dependencies):
root(ROOT-0, tall-5)
nsubj(tall-5, John-1)
cop(tall-5, is-2)
neg(tall-5, not-3)
advmod(tall-5, less-4)
case(Harry-7, than-6)
nmod:than(tall-5, Harry-7)
punct(tall-5, .-8)

Sentence #21 (9 tokens):
I think that John is taller than Harry.

Tokens:
[Text=I CharacterOffsetBegin=977 CharacterOffsetEnd=978 PartOfSpeech=PRP]
[Text=think CharacterOffsetBegin=979 CharacterOffsetEnd=984 PartOfSpeech=VBP]
[Text=that CharacterOffsetBegin=985 CharacterOffsetEnd=989 PartOfSpeech=IN]
[Text=John CharacterOffsetBegin=990 CharacterOffsetEnd=994 PartOfSpeech=NNP]
[Text=is CharacterOffsetBegin=995 CharacterOffsetEnd=997 PartOfSpeech=VBZ]
[Text=taller CharacterOffsetBegin=998 CharacterOffsetEnd=1004 PartOfSpeech=JJR]
[Text=than CharacterOffsetBegin=1005 CharacterOffsetEnd=1009 PartOfSpeech=IN]
[Text=Harry CharacterOffsetBegin=1010 CharacterOffsetEnd=1015 PartOfSpeech=NNP]
[Text=. CharacterOffsetBegin=1015 CharacterOffsetEnd=1016 PartOfSpeech=.]

Dependency Parse (enhanced plus plus dependencies):
root(ROOT-0, think-2)
nsubj(think-2, I-1)
mark(taller-6, that-3)
nsubj(taller-6, John-4)
cop(taller-6, is-5)
ccomp(think-2, taller-6)
case(Harry-8, than-7)
nmod:than(taller-6, Harry-8)
punct(think-2, .-9)

Sentence #22 (13 tokens):
I think that John is more intelligent in chess than in bridge.

Tokens:
[Text=I CharacterOffsetBegin=1017 CharacterOffsetEnd=1018 PartOfSpeech=PRP]
[Text=think CharacterOffsetBegin=1019 CharacterOffsetEnd=1024 PartOfSpeech=VBP]
[Text=that CharacterOffsetBegin=1025 CharacterOffsetEnd=1029 PartOfSpeech=IN]
[Text=John CharacterOffsetBegin=1030 CharacterOffsetEnd=1034 PartOfSpeech=NNP]
[Text=is CharacterOffsetBegin=1035 CharacterOffsetEnd=1037 PartOfSpeech=VBZ]
[Text=more CharacterOffsetBegin=1038 CharacterOffsetEnd=1042 PartOfSpeech=RBR]
[Text=intelligent CharacterOffsetBegin=1043 CharacterOffsetEnd=1054 PartOfSpeech=JJ]
[Text=in CharacterOffsetBegin=1055 CharacterOffsetEnd=1057 PartOfSpeech=IN]
[Text=chess CharacterOffsetBegin=1058 CharacterOffsetEnd=1063 PartOfSpeech=NN]
[Text=than CharacterOffsetBegin=1064 CharacterOffsetEnd=1068 PartOfSpeech=IN]
[Text=in CharacterOffsetBegin=1069 CharacterOffsetEnd=1071 PartOfSpeech=IN]
[Text=bridge CharacterOffsetBegin=1072 CharacterOffsetEnd=1078 PartOfSpeech=NN]
[Text=. CharacterOffsetBegin=1078 CharacterOffsetEnd=1079 PartOfSpeech=.]

Dependency Parse (enhanced plus plus dependencies):
root(ROOT-0, think-2)
nsubj(think-2, I-1)
mark(intelligent-7, that-3)
nsubj(intelligent-7, John-4)
cop(intelligent-7, is-5)
advmod(intelligent-7, more-6)
ccomp(think-2, intelligent-7)
case(chess-9, in-8)
nmod:in(intelligent-7, chess-9)
case(bridge-12, than-10)
case(bridge-12, in-11)
nmod:than(intelligent-7, bridge-12)
punct(think-2, .-13)

Sentence #23 (15 tokens):
I think that John is not much more intelligent in chess than in bridge.

Tokens:
[Text=I CharacterOffsetBegin=1080 CharacterOffsetEnd=1081 PartOfSpeech=PRP]
[Text=think CharacterOffsetBegin=1082 CharacterOffsetEnd=1087 PartOfSpeech=VBP]
[Text=that CharacterOffsetBegin=1088 CharacterOffsetEnd=1092 PartOfSpeech=IN]
[Text=John CharacterOffsetBegin=1093 CharacterOffsetEnd=1097 PartOfSpeech=NNP]
[Text=is CharacterOffsetBegin=1098 CharacterOffsetEnd=1100 PartOfSpeech=VBZ]
[Text=not CharacterOffsetBegin=1101 CharacterOffsetEnd=1104 PartOfSpeech=RB]
[Text=much CharacterOffsetBegin=1105 CharacterOffsetEnd=1109 PartOfSpeech=RB]
[Text=more CharacterOffsetBegin=1110 CharacterOffsetEnd=1114 PartOfSpeech=RBR]
[Text=intelligent CharacterOffsetBegin=1115 CharacterOffsetEnd=1126 PartOfSpeech=JJ]
[Text=in CharacterOffsetBegin=1127 CharacterOffsetEnd=1129 PartOfSpeech=IN]
[Text=chess CharacterOffsetBegin=1130 CharacterOffsetEnd=1135 PartOfSpeech=NN]
[Text=than CharacterOffsetBegin=1136 CharacterOffsetEnd=1140 PartOfSpeech=IN]
[Text=in CharacterOffsetBegin=1141 CharacterOffsetEnd=1143 PartOfSpeech=IN]
[Text=bridge CharacterOffsetBegin=1144 CharacterOffsetEnd=1150 PartOfSpeech=NN]
[Text=. CharacterOffsetBegin=1150 CharacterOffsetEnd=1151 PartOfSpeech=.]

Dependency Parse (enhanced plus plus dependencies):
root(ROOT-0, think-2)
nsubj(think-2, I-1)
mark(intelligent-9, that-3)
nsubj(intelligent-9, John-4)
cop(intelligent-9, is-5)
neg(intelligent-9, not-6)
advmod(more-8, much-7)
advmod(intelligent-9, more-8)
ccomp(think-2, intelligent-9)
case(chess-11, in-10)
nmod:in(intelligent-9, chess-11)
case(bridge-14, than-12)
case(bridge-14, in-13)
nmod:than(intelligent-9, bridge-14)
punct(think-2, .-15)

Sentence #24 (11 tokens):
Jill is a better student in chess than in bridge.

Tokens:
[Text=Jill CharacterOffsetBegin=1152 CharacterOffsetEnd=1156 PartOfSpeech=NNP]
[Text=is CharacterOffsetBegin=1157 CharacterOffsetEnd=1159 PartOfSpeech=VBZ]
[Text=a CharacterOffsetBegin=1160 CharacterOffsetEnd=1161 PartOfSpeech=DT]
[Text=better CharacterOffsetBegin=1162 CharacterOffsetEnd=1168 PartOfSpeech=JJR]
[Text=student CharacterOffsetBegin=1169 CharacterOffsetEnd=1176 PartOfSpeech=NN]
[Text=in CharacterOffsetBegin=1177 CharacterOffsetEnd=1179 PartOfSpeech=IN]
[Text=chess CharacterOffsetBegin=1180 CharacterOffsetEnd=1185 PartOfSpeech=NN]
[Text=than CharacterOffsetBegin=1186 CharacterOffsetEnd=1190 PartOfSpeech=IN]
[Text=in CharacterOffsetBegin=1191 CharacterOffsetEnd=1193 PartOfSpeech=IN]
[Text=bridge CharacterOffsetBegin=1194 CharacterOffsetEnd=1200 PartOfSpeech=NN]
[Text=. CharacterOffsetBegin=1200 CharacterOffsetEnd=1201 PartOfSpeech=.]

Dependency Parse (enhanced plus plus dependencies):
root(ROOT-0, student-5)
nsubj(student-5, Jill-1)
cop(student-5, is-2)
det(student-5, a-3)
amod(student-5, better-4)
case(chess-7, in-6)
nmod:in(student-5, chess-7)
case(bridge-10, than-8)
case(bridge-10, in-9)
nmod:than(student-5, bridge-10)
punct(student-5, .-11)

Sentence #25 (8 tokens):
Jill is a better student than Harry.

Tokens:
[Text=Jill CharacterOffsetBegin=1202 CharacterOffsetEnd=1206 PartOfSpeech=NNP]
[Text=is CharacterOffsetBegin=1207 CharacterOffsetEnd=1209 PartOfSpeech=VBZ]
[Text=a CharacterOffsetBegin=1210 CharacterOffsetEnd=1211 PartOfSpeech=DT]
[Text=better CharacterOffsetBegin=1212 CharacterOffsetEnd=1218 PartOfSpeech=JJR]
[Text=student CharacterOffsetBegin=1219 CharacterOffsetEnd=1226 PartOfSpeech=NN]
[Text=than CharacterOffsetBegin=1227 CharacterOffsetEnd=1231 PartOfSpeech=IN]
[Text=Harry CharacterOffsetBegin=1232 CharacterOffsetEnd=1237 PartOfSpeech=NNP]
[Text=. CharacterOffsetBegin=1237 CharacterOffsetEnd=1238 PartOfSpeech=.]

Dependency Parse (enhanced plus plus dependencies):
root(ROOT-0, student-5)
nsubj(student-5, Jill-1)
cop(student-5, is-2)
det(student-5, a-3)
amod(student-5, better-4)
case(Harry-7, than-6)
nmod:than(student-5, Harry-7)
punct(student-5, .-8)

Sentence #26 (10 tokens):
Jill is not a much better student than Harry.

Tokens:
[Text=Jill CharacterOffsetBegin=1239 CharacterOffsetEnd=1243 PartOfSpeech=NNP]
[Text=is CharacterOffsetBegin=1244 CharacterOffsetEnd=1246 PartOfSpeech=VBZ]
[Text=not CharacterOffsetBegin=1247 CharacterOffsetEnd=1250 PartOfSpeech=RB]
[Text=a CharacterOffsetBegin=1251 CharacterOffsetEnd=1252 PartOfSpeech=DT]
[Text=much CharacterOffsetBegin=1253 CharacterOffsetEnd=1257 PartOfSpeech=RB]
[Text=better CharacterOffsetBegin=1258 CharacterOffsetEnd=1264 PartOfSpeech=JJR]
[Text=student CharacterOffsetBegin=1265 CharacterOffsetEnd=1272 PartOfSpeech=NN]
[Text=than CharacterOffsetBegin=1273 CharacterOffsetEnd=1277 PartOfSpeech=IN]
[Text=Harry CharacterOffsetBegin=1278 CharacterOffsetEnd=1283 PartOfSpeech=NNP]
[Text=. CharacterOffsetBegin=1283 CharacterOffsetEnd=1284 PartOfSpeech=.]

Dependency Parse (enhanced plus plus dependencies):
root(ROOT-0, student-7)
nsubj(student-7, Jill-1)
cop(student-7, is-2)
neg(student-7, not-3)
det(student-7, a-4)
advmod(better-6, much-5)
amod(student-7, better-6)
case(Harry-9, than-8)
nmod:than(student-7, Harry-9)
punct(student-7, .-10)

Sentence #27 (9 tokens):
Jill is a much better student than Harry.

Tokens:
[Text=Jill CharacterOffsetBegin=1285 CharacterOffsetEnd=1289 PartOfSpeech=NNP]
[Text=is CharacterOffsetBegin=1290 CharacterOffsetEnd=1292 PartOfSpeech=VBZ]
[Text=a CharacterOffsetBegin=1293 CharacterOffsetEnd=1294 PartOfSpeech=DT]
[Text=much CharacterOffsetBegin=1295 CharacterOffsetEnd=1299 PartOfSpeech=RB]
[Text=better CharacterOffsetBegin=1300 CharacterOffsetEnd=1306 PartOfSpeech=JJR]
[Text=student CharacterOffsetBegin=1307 CharacterOffsetEnd=1314 PartOfSpeech=NN]
[Text=than CharacterOffsetBegin=1315 CharacterOffsetEnd=1319 PartOfSpeech=IN]
[Text=Harry CharacterOffsetBegin=1320 CharacterOffsetEnd=1325 PartOfSpeech=NNP]
[Text=. CharacterOffsetBegin=1325 CharacterOffsetEnd=1326 PartOfSpeech=.]

Dependency Parse (enhanced plus plus dependencies):
root(ROOT-0, student-6)
nsubj(student-6, Jill-1)
cop(student-6, is-2)
det(student-6, a-3)
advmod(better-5, much-4)
amod(student-6, better-5)
case(Harry-8, than-7)
nmod:than(student-6, Harry-8)
punct(student-6, .-9)

Sentence #28 (9 tokens):
Jill is a more intelligent student than Harry.

Tokens:
[Text=Jill CharacterOffsetBegin=1327 CharacterOffsetEnd=1331 PartOfSpeech=NNP]
[Text=is CharacterOffsetBegin=1332 CharacterOffsetEnd=1334 PartOfSpeech=VBZ]
[Text=a CharacterOffsetBegin=1335 CharacterOffsetEnd=1336 PartOfSpeech=DT]
[Text=more CharacterOffsetBegin=1337 CharacterOffsetEnd=1341 PartOfSpeech=RBR]
[Text=intelligent CharacterOffsetBegin=1342 CharacterOffsetEnd=1353 PartOfSpeech=JJ]
[Text=student CharacterOffsetBegin=1354 CharacterOffsetEnd=1361 PartOfSpeech=NN]
[Text=than CharacterOffsetBegin=1362 CharacterOffsetEnd=1366 PartOfSpeech=IN]
[Text=Harry CharacterOffsetBegin=1367 CharacterOffsetEnd=1372 PartOfSpeech=NNP]
[Text=. CharacterOffsetBegin=1372 CharacterOffsetEnd=1373 PartOfSpeech=.]

Dependency Parse (enhanced plus plus dependencies):
root(ROOT-0, student-6)
nsubj(student-6, Jill-1)
cop(student-6, is-2)
det(student-6, a-3)
advmod(intelligent-5, more-4)
amod(student-6, intelligent-5)
case(Harry-8, than-7)
nmod:than(student-6, Harry-8)
punct(student-6, .-9)

Sentence #29 (11 tokens):
Jill is a more intelligent student in chess than Harry.

Tokens:
[Text=Jill CharacterOffsetBegin=1374 CharacterOffsetEnd=1378 PartOfSpeech=NNP]
[Text=is CharacterOffsetBegin=1379 CharacterOffsetEnd=1381 PartOfSpeech=VBZ]
[Text=a CharacterOffsetBegin=1382 CharacterOffsetEnd=1383 PartOfSpeech=DT]
[Text=more CharacterOffsetBegin=1384 CharacterOffsetEnd=1388 PartOfSpeech=RBR]
[Text=intelligent CharacterOffsetBegin=1389 CharacterOffsetEnd=1400 PartOfSpeech=JJ]
[Text=student CharacterOffsetBegin=1401 CharacterOffsetEnd=1408 PartOfSpeech=NN]
[Text=in CharacterOffsetBegin=1409 CharacterOffsetEnd=1411 PartOfSpeech=IN]
[Text=chess CharacterOffsetBegin=1412 CharacterOffsetEnd=1417 PartOfSpeech=NN]
[Text=than CharacterOffsetBegin=1418 CharacterOffsetEnd=1422 PartOfSpeech=IN]
[Text=Harry CharacterOffsetBegin=1423 CharacterOffsetEnd=1428 PartOfSpeech=NNP]
[Text=. CharacterOffsetBegin=1428 CharacterOffsetEnd=1429 PartOfSpeech=.]

Dependency Parse (enhanced plus plus dependencies):
root(ROOT-0, student-6)
nsubj(student-6, Jill-1)
cop(student-6, is-2)
det(student-6, a-3)
advmod(intelligent-5, more-4)
amod(student-6, intelligent-5)
case(chess-8, in-7)
nmod:in(student-6, chess-8)
case(Harry-10, than-9)
nmod:than(student-6, Harry-10)
punct(student-6, .-11)

Sentence #30 (13 tokens):
Jill is not a much more intelligent student in chess than Harry.

Tokens:
[Text=Jill CharacterOffsetBegin=1431 CharacterOffsetEnd=1435 PartOfSpeech=NNP]
[Text=is CharacterOffsetBegin=1436 CharacterOffsetEnd=1438 PartOfSpeech=VBZ]
[Text=not CharacterOffsetBegin=1439 CharacterOffsetEnd=1442 PartOfSpeech=RB]
[Text=a CharacterOffsetBegin=1443 CharacterOffsetEnd=1444 PartOfSpeech=DT]
[Text=much CharacterOffsetBegin=1445 CharacterOffsetEnd=1449 PartOfSpeech=RB]
[Text=more CharacterOffsetBegin=1450 CharacterOffsetEnd=1454 PartOfSpeech=RBR]
[Text=intelligent CharacterOffsetBegin=1455 CharacterOffsetEnd=1466 PartOfSpeech=JJ]
[Text=student CharacterOffsetBegin=1467 CharacterOffsetEnd=1474 PartOfSpeech=NN]
[Text=in CharacterOffsetBegin=1475 CharacterOffsetEnd=1477 PartOfSpeech=IN]
[Text=chess CharacterOffsetBegin=1478 CharacterOffsetEnd=1483 PartOfSpeech=NN]
[Text=than CharacterOffsetBegin=1484 CharacterOffsetEnd=1488 PartOfSpeech=IN]
[Text=Harry CharacterOffsetBegin=1489 CharacterOffsetEnd=1494 PartOfSpeech=NNP]
[Text=. CharacterOffsetBegin=1494 CharacterOffsetEnd=1495 PartOfSpeech=.]

Dependency Parse (enhanced plus plus dependencies):
root(ROOT-0, student-8)
nsubj(student-8, Jill-1)
cop(student-8, is-2)
neg(student-8, not-3)
det(student-8, a-4)
advmod(more-6, much-5)
advmod(intelligent-7, more-6)
amod(student-8, intelligent-7)
case(chess-10, in-9)
nmod:in(student-8, chess-10)
case(Harry-12, than-11)
nmod:than(student-8, Harry-12)
punct(student-8, .-13)

Sentence #31 (11 tokens):
She is a better player of chess than of bridge.

Tokens:
[Text=She CharacterOffsetBegin=1497 CharacterOffsetEnd=1500 PartOfSpeech=PRP]
[Text=is CharacterOffsetBegin=1501 CharacterOffsetEnd=1503 PartOfSpeech=VBZ]
[Text=a CharacterOffsetBegin=1504 CharacterOffsetEnd=1505 PartOfSpeech=DT]
[Text=better CharacterOffsetBegin=1506 CharacterOffsetEnd=1512 PartOfSpeech=JJR]
[Text=player CharacterOffsetBegin=1513 CharacterOffsetEnd=1519 PartOfSpeech=NN]
[Text=of CharacterOffsetBegin=1520 CharacterOffsetEnd=1522 PartOfSpeech=IN]
[Text=chess CharacterOffsetBegin=1523 CharacterOffsetEnd=1528 PartOfSpeech=NN]
[Text=than CharacterOffsetBegin=1529 CharacterOffsetEnd=1533 PartOfSpeech=IN]
[Text=of CharacterOffsetBegin=1534 CharacterOffsetEnd=1536 PartOfSpeech=IN]
[Text=bridge CharacterOffsetBegin=1537 CharacterOffsetEnd=1543 PartOfSpeech=NN]
[Text=. CharacterOffsetBegin=1543 CharacterOffsetEnd=1544 PartOfSpeech=.]

Dependency Parse (enhanced plus plus dependencies):
root(ROOT-0, player-5)
nsubj(player-5, She-1)
cop(player-5, is-2)
det(player-5, a-3)
amod(player-5, better-4)
case(chess-7, of-6)
nmod:of(player-5, chess-7)
case(bridge-10, than-8)
case(bridge-10, of-9)
nmod:than(player-5, bridge-10)
punct(player-5, .-11)

Sentence #32 (10 tokens):
John is a better player of tennis than Harry.

Tokens:
[Text=John CharacterOffsetBegin=1545 CharacterOffsetEnd=1549 PartOfSpeech=NNP]
[Text=is CharacterOffsetBegin=1550 CharacterOffsetEnd=1552 PartOfSpeech=VBZ]
[Text=a CharacterOffsetBegin=1553 CharacterOffsetEnd=1554 PartOfSpeech=DT]
[Text=better CharacterOffsetBegin=1555 CharacterOffsetEnd=1561 PartOfSpeech=JJR]
[Text=player CharacterOffsetBegin=1562 CharacterOffsetEnd=1568 PartOfSpeech=NN]
[Text=of CharacterOffsetBegin=1569 CharacterOffsetEnd=1571 PartOfSpeech=IN]
[Text=tennis CharacterOffsetBegin=1572 CharacterOffsetEnd=1578 PartOfSpeech=NN]
[Text=than CharacterOffsetBegin=1579 CharacterOffsetEnd=1583 PartOfSpeech=IN]
[Text=Harry CharacterOffsetBegin=1584 CharacterOffsetEnd=1589 PartOfSpeech=NNP]
[Text=. CharacterOffsetBegin=1589 CharacterOffsetEnd=1590 PartOfSpeech=.]

Dependency Parse (enhanced plus plus dependencies):
root(ROOT-0, player-5)
nsubj(player-5, John-1)
cop(player-5, is-2)
det(player-5, a-3)
amod(player-5, better-4)
case(tennis-7, of-6)
nmod:of(player-5, tennis-7)
case(Harry-9, than-8)
nmod:than(player-5, Harry-9)
punct(player-5, .-10)

Sentence #33 (15 tokens):
In my opinion, John is a better player of tennis than of badminton.

Tokens:
[Text=In CharacterOffsetBegin=1591 CharacterOffsetEnd=1593 PartOfSpeech=IN]
[Text=my CharacterOffsetBegin=1594 CharacterOffsetEnd=1596 PartOfSpeech=PRP$]
[Text=opinion CharacterOffsetBegin=1597 CharacterOffsetEnd=1604 PartOfSpeech=NN]
[Text=, CharacterOffsetBegin=1604 CharacterOffsetEnd=1605 PartOfSpeech=,]
[Text=John CharacterOffsetBegin=1606 CharacterOffsetEnd=1610 PartOfSpeech=NNP]
[Text=is CharacterOffsetBegin=1611 CharacterOffsetEnd=1613 PartOfSpeech=VBZ]
[Text=a CharacterOffsetBegin=1614 CharacterOffsetEnd=1615 PartOfSpeech=DT]
[Text=better CharacterOffsetBegin=1616 CharacterOffsetEnd=1622 PartOfSpeech=JJR]
[Text=player CharacterOffsetBegin=1623 CharacterOffsetEnd=1629 PartOfSpeech=NN]
[Text=of CharacterOffsetBegin=1630 CharacterOffsetEnd=1632 PartOfSpeech=IN]
[Text=tennis CharacterOffsetBegin=1633 CharacterOffsetEnd=1639 PartOfSpeech=NN]
[Text=than CharacterOffsetBegin=1640 CharacterOffsetEnd=1644 PartOfSpeech=IN]
[Text=of CharacterOffsetBegin=1645 CharacterOffsetEnd=1647 PartOfSpeech=IN]
[Text=badminton CharacterOffsetBegin=1648 CharacterOffsetEnd=1657 PartOfSpeech=NN]
[Text=. CharacterOffsetBegin=1657 CharacterOffsetEnd=1658 PartOfSpeech=.]

Dependency Parse (enhanced plus plus dependencies):
root(ROOT-0, player-9)
case(opinion-3, In-1)
nmod:poss(opinion-3, my-2)
nmod:in(player-9, opinion-3)
punct(player-9, ,-4)
nsubj(player-9, John-5)
cop(player-9, is-6)
det(player-9, a-7)
amod(player-9, better-8)
case(tennis-11, of-10)
nmod:of(player-9, tennis-11)
case(badminton-14, than-12)
case(badminton-14, of-13)
nmod:than(player-9, badminton-14)
punct(player-9, .-15)

Sentence #34 (14 tokens):
In my opinion, John is a better player of tennis than Harry.

Tokens:
[Text=In CharacterOffsetBegin=1659 CharacterOffsetEnd=1661 PartOfSpeech=IN]
[Text=my CharacterOffsetBegin=1662 CharacterOffsetEnd=1664 PartOfSpeech=PRP$]
[Text=opinion CharacterOffsetBegin=1665 CharacterOffsetEnd=1672 PartOfSpeech=NN]
[Text=, CharacterOffsetBegin=1672 CharacterOffsetEnd=1673 PartOfSpeech=,]
[Text=John CharacterOffsetBegin=1674 CharacterOffsetEnd=1678 PartOfSpeech=NNP]
[Text=is CharacterOffsetBegin=1679 CharacterOffsetEnd=1681 PartOfSpeech=VBZ]
[Text=a CharacterOffsetBegin=1682 CharacterOffsetEnd=1683 PartOfSpeech=DT]
[Text=better CharacterOffsetBegin=1684 CharacterOffsetEnd=1690 PartOfSpeech=JJR]
[Text=player CharacterOffsetBegin=1691 CharacterOffsetEnd=1697 PartOfSpeech=NN]
[Text=of CharacterOffsetBegin=1698 CharacterOffsetEnd=1700 PartOfSpeech=IN]
[Text=tennis CharacterOffsetBegin=1701 CharacterOffsetEnd=1707 PartOfSpeech=NN]
[Text=than CharacterOffsetBegin=1708 CharacterOffsetEnd=1712 PartOfSpeech=IN]
[Text=Harry CharacterOffsetBegin=1713 CharacterOffsetEnd=1718 PartOfSpeech=NNP]
[Text=. CharacterOffsetBegin=1718 CharacterOffsetEnd=1719 PartOfSpeech=.]

Dependency Parse (enhanced plus plus dependencies):
root(ROOT-0, player-9)
case(opinion-3, In-1)
nmod:poss(opinion-3, my-2)
nmod:in(player-9, opinion-3)
punct(player-9, ,-4)
nsubj(player-9, John-5)
cop(player-9, is-6)
det(player-9, a-7)
amod(player-9, better-8)
case(tennis-11, of-10)
nmod:of(player-9, tennis-11)
case(Harry-13, than-12)
nmod:than(player-9, Harry-13)
punct(player-9, .-14)

Sentence #35 (11 tokens):
John is not much better at tennis than at badminton.

Tokens:
[Text=John CharacterOffsetBegin=1720 CharacterOffsetEnd=1724 PartOfSpeech=NNP]
[Text=is CharacterOffsetBegin=1725 CharacterOffsetEnd=1727 PartOfSpeech=VBZ]
[Text=not CharacterOffsetBegin=1728 CharacterOffsetEnd=1731 PartOfSpeech=RB]
[Text=much CharacterOffsetBegin=1732 CharacterOffsetEnd=1736 PartOfSpeech=RB]
[Text=better CharacterOffsetBegin=1737 CharacterOffsetEnd=1743 PartOfSpeech=JJR]
[Text=at CharacterOffsetBegin=1744 CharacterOffsetEnd=1746 PartOfSpeech=IN]
[Text=tennis CharacterOffsetBegin=1747 CharacterOffsetEnd=1753 PartOfSpeech=NN]
[Text=than CharacterOffsetBegin=1754 CharacterOffsetEnd=1758 PartOfSpeech=IN]
[Text=at CharacterOffsetBegin=1759 CharacterOffsetEnd=1761 PartOfSpeech=IN]
[Text=badminton CharacterOffsetBegin=1762 CharacterOffsetEnd=1771 PartOfSpeech=NN]
[Text=. CharacterOffsetBegin=1771 CharacterOffsetEnd=1772 PartOfSpeech=.]

Dependency Parse (enhanced plus plus dependencies):
root(ROOT-0, better-5)
nsubj(better-5, John-1)
cop(better-5, is-2)
neg(better-5, not-3)
advmod(better-5, much-4)
case(tennis-7, at-6)
nmod:at(better-5, tennis-7)
case(badminton-10, than-8)
case(badminton-10, at-9)
nmod:than(better-5, badminton-10)
punct(better-5, .-11)

Sentence #36 (14 tokens):
He says that John is not much better at tennis than at badminton.

Tokens:
[Text=He CharacterOffsetBegin=1773 CharacterOffsetEnd=1775 PartOfSpeech=PRP]
[Text=says CharacterOffsetBegin=1776 CharacterOffsetEnd=1780 PartOfSpeech=VBZ]
[Text=that CharacterOffsetBegin=1781 CharacterOffsetEnd=1785 PartOfSpeech=IN]
[Text=John CharacterOffsetBegin=1786 CharacterOffsetEnd=1790 PartOfSpeech=NNP]
[Text=is CharacterOffsetBegin=1791 CharacterOffsetEnd=1793 PartOfSpeech=VBZ]
[Text=not CharacterOffsetBegin=1794 CharacterOffsetEnd=1797 PartOfSpeech=RB]
[Text=much CharacterOffsetBegin=1798 CharacterOffsetEnd=1802 PartOfSpeech=RB]
[Text=better CharacterOffsetBegin=1803 CharacterOffsetEnd=1809 PartOfSpeech=JJR]
[Text=at CharacterOffsetBegin=1810 CharacterOffsetEnd=1812 PartOfSpeech=IN]
[Text=tennis CharacterOffsetBegin=1813 CharacterOffsetEnd=1819 PartOfSpeech=NN]
[Text=than CharacterOffsetBegin=1820 CharacterOffsetEnd=1824 PartOfSpeech=IN]
[Text=at CharacterOffsetBegin=1825 CharacterOffsetEnd=1827 PartOfSpeech=IN]
[Text=badminton CharacterOffsetBegin=1828 CharacterOffsetEnd=1837 PartOfSpeech=NN]
[Text=. CharacterOffsetBegin=1837 CharacterOffsetEnd=1838 PartOfSpeech=.]

Dependency Parse (enhanced plus plus dependencies):
root(ROOT-0, says-2)
nsubj(says-2, He-1)
mark(better-8, that-3)
nsubj(better-8, John-4)
cop(better-8, is-5)
neg(better-8, not-6)
advmod(better-8, much-7)
ccomp(says-2, better-8)
case(tennis-10, at-9)
nmod:at(better-8, tennis-10)
case(badminton-13, than-11)
case(badminton-13, at-12)
nmod:than(better-8, badminton-13)
punct(says-2, .-14)

Sentence #37 (13 tokens):
They think John is not much better at tennis than at badminton.

Tokens:
[Text=They CharacterOffsetBegin=1839 CharacterOffsetEnd=1843 PartOfSpeech=PRP]
[Text=think CharacterOffsetBegin=1844 CharacterOffsetEnd=1849 PartOfSpeech=VBP]
[Text=John CharacterOffsetBegin=1850 CharacterOffsetEnd=1854 PartOfSpeech=NNP]
[Text=is CharacterOffsetBegin=1855 CharacterOffsetEnd=1857 PartOfSpeech=VBZ]
[Text=not CharacterOffsetBegin=1858 CharacterOffsetEnd=1861 PartOfSpeech=RB]
[Text=much CharacterOffsetBegin=1862 CharacterOffsetEnd=1866 PartOfSpeech=RB]
[Text=better CharacterOffsetBegin=1867 CharacterOffsetEnd=1873 PartOfSpeech=JJR]
[Text=at CharacterOffsetBegin=1874 CharacterOffsetEnd=1876 PartOfSpeech=IN]
[Text=tennis CharacterOffsetBegin=1877 CharacterOffsetEnd=1883 PartOfSpeech=NN]
[Text=than CharacterOffsetBegin=1884 CharacterOffsetEnd=1888 PartOfSpeech=IN]
[Text=at CharacterOffsetBegin=1889 CharacterOffsetEnd=1891 PartOfSpeech=IN]
[Text=badminton CharacterOffsetBegin=1892 CharacterOffsetEnd=1901 PartOfSpeech=NN]
[Text=. CharacterOffsetBegin=1901 CharacterOffsetEnd=1902 PartOfSpeech=.]

Dependency Parse (enhanced plus plus dependencies):
root(ROOT-0, think-2)
nsubj(think-2, They-1)
nsubj(better-7, John-3)
cop(better-7, is-4)
neg(better-7, not-5)
advmod(better-7, much-6)
ccomp(think-2, better-7)
case(tennis-9, at-8)
nmod:at(better-7, tennis-9)
case(badminton-12, than-10)
case(badminton-12, at-11)
nmod:than(better-7, badminton-12)
punct(think-2, .-13)

Sentence #38 (12 tokens):
They think John is not much better at tennis than Harry.

Tokens:
[Text=They CharacterOffsetBegin=1903 CharacterOffsetEnd=1907 PartOfSpeech=PRP]
[Text=think CharacterOffsetBegin=1908 CharacterOffsetEnd=1913 PartOfSpeech=VBP]
[Text=John CharacterOffsetBegin=1914 CharacterOffsetEnd=1918 PartOfSpeech=NNP]
[Text=is CharacterOffsetBegin=1919 CharacterOffsetEnd=1921 PartOfSpeech=VBZ]
[Text=not CharacterOffsetBegin=1922 CharacterOffsetEnd=1925 PartOfSpeech=RB]
[Text=much CharacterOffsetBegin=1926 CharacterOffsetEnd=1930 PartOfSpeech=RB]
[Text=better CharacterOffsetBegin=1931 CharacterOffsetEnd=1937 PartOfSpeech=JJR]
[Text=at CharacterOffsetBegin=1938 CharacterOffsetEnd=1940 PartOfSpeech=IN]
[Text=tennis CharacterOffsetBegin=1941 CharacterOffsetEnd=1947 PartOfSpeech=NN]
[Text=than CharacterOffsetBegin=1948 CharacterOffsetEnd=1952 PartOfSpeech=IN]
[Text=Harry CharacterOffsetBegin=1953 CharacterOffsetEnd=1958 PartOfSpeech=NNP]
[Text=. CharacterOffsetBegin=1958 CharacterOffsetEnd=1959 PartOfSpeech=.]

Dependency Parse (enhanced plus plus dependencies):
root(ROOT-0, think-2)
nsubj(think-2, They-1)
nsubj(better-7, John-3)
cop(better-7, is-4)
neg(better-7, not-5)
advmod(better-7, much-6)
ccomp(think-2, better-7)
case(tennis-9, at-8)
nmod:at(better-7, tennis-9)
case(Harry-11, than-10)
nmod:than(better-7, Harry-11)
punct(think-2, .-12)
