Document: ID=pubmed.txt (20 sentences, 344 tokens)

Sentence #1 (11 tokens):
The refluxate may be more acidic than the intragastric content.

Tokens:
[Text=The CharacterOffsetBegin=0 CharacterOffsetEnd=3 PartOfSpeech=DT]
[Text=refluxate CharacterOffsetBegin=4 CharacterOffsetEnd=13 PartOfSpeech=NN]
[Text=may CharacterOffsetBegin=14 CharacterOffsetEnd=17 PartOfSpeech=MD]
[Text=be CharacterOffsetBegin=18 CharacterOffsetEnd=20 PartOfSpeech=VB]
[Text=more CharacterOffsetBegin=21 CharacterOffsetEnd=25 PartOfSpeech=RBR]
[Text=acidic CharacterOffsetBegin=26 CharacterOffsetEnd=32 PartOfSpeech=JJ]
[Text=than CharacterOffsetBegin=33 CharacterOffsetEnd=37 PartOfSpeech=IN]
[Text=the CharacterOffsetBegin=38 CharacterOffsetEnd=41 PartOfSpeech=DT]
[Text=intragastric CharacterOffsetBegin=42 CharacterOffsetEnd=54 PartOfSpeech=JJ]
[Text=content CharacterOffsetBegin=55 CharacterOffsetEnd=62 PartOfSpeech=NN]
[Text=. CharacterOffsetBegin=62 CharacterOffsetEnd=63 PartOfSpeech=.]

Dependency Parse (enhanced plus plus dependencies):
root(ROOT-0, acidic-6)
det(refluxate-2, The-1)
nsubj(acidic-6, refluxate-2)
aux(acidic-6, may-3)
cop(acidic-6, be-4)
advmod(acidic-6, more-5)
case(content-10, than-7)
det(content-10, the-8)
amod(content-10, intragastric-9)
nmod:than(acidic-6, content-10)
punct(acidic-6, .-11)

Sentence #2 (18 tokens):
Body mass index was significantly lower in the laparoscopic Nissen fundoplication group than in the PPI group.

Tokens:
[Text=Body CharacterOffsetBegin=65 CharacterOffsetEnd=69 PartOfSpeech=NN]
[Text=mass CharacterOffsetBegin=70 CharacterOffsetEnd=74 PartOfSpeech=NN]
[Text=index CharacterOffsetBegin=75 CharacterOffsetEnd=80 PartOfSpeech=NN]
[Text=was CharacterOffsetBegin=81 CharacterOffsetEnd=84 PartOfSpeech=VBD]
[Text=significantly CharacterOffsetBegin=85 CharacterOffsetEnd=98 PartOfSpeech=RB]
[Text=lower CharacterOffsetBegin=99 CharacterOffsetEnd=104 PartOfSpeech=JJR]
[Text=in CharacterOffsetBegin=105 CharacterOffsetEnd=107 PartOfSpeech=IN]
[Text=the CharacterOffsetBegin=108 CharacterOffsetEnd=111 PartOfSpeech=DT]
[Text=laparoscopic CharacterOffsetBegin=112 CharacterOffsetEnd=124 PartOfSpeech=JJ]
[Text=Nissen CharacterOffsetBegin=125 CharacterOffsetEnd=131 PartOfSpeech=NN]
[Text=fundoplication CharacterOffsetBegin=132 CharacterOffsetEnd=146 PartOfSpeech=NN]
[Text=group CharacterOffsetBegin=147 CharacterOffsetEnd=152 PartOfSpeech=NN]
[Text=than CharacterOffsetBegin=153 CharacterOffsetEnd=157 PartOfSpeech=IN]
[Text=in CharacterOffsetBegin=158 CharacterOffsetEnd=160 PartOfSpeech=IN]
[Text=the CharacterOffsetBegin=161 CharacterOffsetEnd=164 PartOfSpeech=DT]
[Text=PPI CharacterOffsetBegin=165 CharacterOffsetEnd=168 PartOfSpeech=NNP]
[Text=group CharacterOffsetBegin=169 CharacterOffsetEnd=174 PartOfSpeech=NN]
[Text=. CharacterOffsetBegin=174 CharacterOffsetEnd=175 PartOfSpeech=.]

Dependency Parse (enhanced plus plus dependencies):
root(ROOT-0, lower-6)
compound(index-3, Body-1)
compound(index-3, mass-2)
nsubj(lower-6, index-3)
cop(lower-6, was-4)
advmod(lower-6, significantly-5)
case(group-12, in-7)
det(group-12, the-8)
amod(group-12, laparoscopic-9)
compound(group-12, Nissen-10)
compound(group-12, fundoplication-11)
nmod:in(lower-6, group-12)
case(group-17, than-13)
case(group-17, in-14)
det(group-17, the-15)
compound(group-17, PPI-16)
nmod:than(lower-6, group-17)
punct(lower-6, .-18)

Sentence #3 (23 tokens):
By doing so, the number of disease genes per family will be much greater than the number of genes per disease.

Tokens:
[Text=By CharacterOffsetBegin=177 CharacterOffsetEnd=179 PartOfSpeech=IN]
[Text=doing CharacterOffsetBegin=180 CharacterOffsetEnd=185 PartOfSpeech=VBG]
[Text=so CharacterOffsetBegin=186 CharacterOffsetEnd=188 PartOfSpeech=RB]
[Text=, CharacterOffsetBegin=188 CharacterOffsetEnd=189 PartOfSpeech=,]
[Text=the CharacterOffsetBegin=190 CharacterOffsetEnd=193 PartOfSpeech=DT]
[Text=number CharacterOffsetBegin=194 CharacterOffsetEnd=200 PartOfSpeech=NN]
[Text=of CharacterOffsetBegin=201 CharacterOffsetEnd=203 PartOfSpeech=IN]
[Text=disease CharacterOffsetBegin=204 CharacterOffsetEnd=211 PartOfSpeech=NN]
[Text=genes CharacterOffsetBegin=212 CharacterOffsetEnd=217 PartOfSpeech=NNS]
[Text=per CharacterOffsetBegin=218 CharacterOffsetEnd=221 PartOfSpeech=IN]
[Text=family CharacterOffsetBegin=222 CharacterOffsetEnd=228 PartOfSpeech=NN]
[Text=will CharacterOffsetBegin=229 CharacterOffsetEnd=233 PartOfSpeech=MD]
[Text=be CharacterOffsetBegin=234 CharacterOffsetEnd=236 PartOfSpeech=VB]
[Text=much CharacterOffsetBegin=237 CharacterOffsetEnd=241 PartOfSpeech=RB]
[Text=greater CharacterOffsetBegin=242 CharacterOffsetEnd=249 PartOfSpeech=JJR]
[Text=than CharacterOffsetBegin=250 CharacterOffsetEnd=254 PartOfSpeech=IN]
[Text=the CharacterOffsetBegin=255 CharacterOffsetEnd=258 PartOfSpeech=DT]
[Text=number CharacterOffsetBegin=259 CharacterOffsetEnd=265 PartOfSpeech=NN]
[Text=of CharacterOffsetBegin=266 CharacterOffsetEnd=268 PartOfSpeech=IN]
[Text=genes CharacterOffsetBegin=269 CharacterOffsetEnd=274 PartOfSpeech=NNS]
[Text=per CharacterOffsetBegin=275 CharacterOffsetEnd=278 PartOfSpeech=IN]
[Text=disease CharacterOffsetBegin=279 CharacterOffsetEnd=286 PartOfSpeech=NN]
[Text=. CharacterOffsetBegin=286 CharacterOffsetEnd=287 PartOfSpeech=.]

Dependency Parse (enhanced plus plus dependencies):
root(ROOT-0, greater-15)
mark(doing-2, By-1)
advcl:by(greater-15, doing-2)
advmod(doing-2, so-3)
punct(greater-15, ,-4)
det(number-6, the-5)
nsubj(greater-15, number-6)
case(genes-9, of-7)
compound(genes-9, disease-8)
nmod:of(number-6, genes-9)
case(family-11, per-10)
nmod:per(genes-9, family-11)
aux(greater-15, will-12)
cop(greater-15, be-13)
advmod(greater-15, much-14)
case(number-18, than-16)
det(number-18, the-17)
nmod:than(greater-15, number-18)
case(genes-20, of-19)
nmod:of(number-18, genes-20)
case(disease-22, per-21)
nmod:per(genes-20, disease-22)
punct(greater-15, .-23)

Sentence #4 (16 tokens):
It seems counter intuitive that the protein-protein interaction was more informative than the pathway network.

Tokens:
[Text=It CharacterOffsetBegin=289 CharacterOffsetEnd=291 PartOfSpeech=PRP]
[Text=seems CharacterOffsetBegin=292 CharacterOffsetEnd=297 PartOfSpeech=VBZ]
[Text=counter CharacterOffsetBegin=298 CharacterOffsetEnd=305 PartOfSpeech=RB]
[Text=intuitive CharacterOffsetBegin=306 CharacterOffsetEnd=315 PartOfSpeech=JJ]
[Text=that CharacterOffsetBegin=316 CharacterOffsetEnd=320 PartOfSpeech=IN]
[Text=the CharacterOffsetBegin=321 CharacterOffsetEnd=324 PartOfSpeech=DT]
[Text=protein-protein CharacterOffsetBegin=325 CharacterOffsetEnd=340 PartOfSpeech=JJ]
[Text=interaction CharacterOffsetBegin=341 CharacterOffsetEnd=352 PartOfSpeech=NN]
[Text=was CharacterOffsetBegin=353 CharacterOffsetEnd=356 PartOfSpeech=VBD]
[Text=more CharacterOffsetBegin=357 CharacterOffsetEnd=361 PartOfSpeech=RBR]
[Text=informative CharacterOffsetBegin=362 CharacterOffsetEnd=373 PartOfSpeech=JJ]
[Text=than CharacterOffsetBegin=374 CharacterOffsetEnd=378 PartOfSpeech=IN]
[Text=the CharacterOffsetBegin=379 CharacterOffsetEnd=382 PartOfSpeech=DT]
[Text=pathway CharacterOffsetBegin=383 CharacterOffsetEnd=390 PartOfSpeech=NN]
[Text=network CharacterOffsetBegin=391 CharacterOffsetEnd=398 PartOfSpeech=NN]
[Text=. CharacterOffsetBegin=398 CharacterOffsetEnd=399 PartOfSpeech=.]

Dependency Parse (enhanced plus plus dependencies):
root(ROOT-0, seems-2)
nsubj(seems-2, It-1)
advmod(intuitive-4, counter-3)
xcomp(seems-2, intuitive-4)
mark(informative-11, that-5)
det(interaction-8, the-6)
amod(interaction-8, protein-protein-7)
nsubj(informative-11, interaction-8)
cop(informative-11, was-9)
advmod(informative-11, more-10)
ccomp(seems-2, informative-11)
case(network-15, than-12)
det(network-15, the-13)
compound(network-15, pathway-14)
nmod:than(informative-11, network-15)
punct(seems-2, .-16)

Sentence #5 (16 tokens):
It was found that quality of protein interaction data was more important than its volume.

Tokens:
[Text=It CharacterOffsetBegin=401 CharacterOffsetEnd=403 PartOfSpeech=PRP]
[Text=was CharacterOffsetBegin=404 CharacterOffsetEnd=407 PartOfSpeech=VBD]
[Text=found CharacterOffsetBegin=408 CharacterOffsetEnd=413 PartOfSpeech=VBN]
[Text=that CharacterOffsetBegin=414 CharacterOffsetEnd=418 PartOfSpeech=IN]
[Text=quality CharacterOffsetBegin=419 CharacterOffsetEnd=426 PartOfSpeech=NN]
[Text=of CharacterOffsetBegin=427 CharacterOffsetEnd=429 PartOfSpeech=IN]
[Text=protein CharacterOffsetBegin=430 CharacterOffsetEnd=437 PartOfSpeech=NN]
[Text=interaction CharacterOffsetBegin=438 CharacterOffsetEnd=449 PartOfSpeech=NN]
[Text=data CharacterOffsetBegin=450 CharacterOffsetEnd=454 PartOfSpeech=NNS]
[Text=was CharacterOffsetBegin=455 CharacterOffsetEnd=458 PartOfSpeech=VBD]
[Text=more CharacterOffsetBegin=459 CharacterOffsetEnd=463 PartOfSpeech=RBR]
[Text=important CharacterOffsetBegin=464 CharacterOffsetEnd=473 PartOfSpeech=JJ]
[Text=than CharacterOffsetBegin=474 CharacterOffsetEnd=478 PartOfSpeech=IN]
[Text=its CharacterOffsetBegin=479 CharacterOffsetEnd=482 PartOfSpeech=PRP$]
[Text=volume CharacterOffsetBegin=483 CharacterOffsetEnd=489 PartOfSpeech=NN]
[Text=. CharacterOffsetBegin=489 CharacterOffsetEnd=490 PartOfSpeech=.]

Dependency Parse (enhanced plus plus dependencies):
root(ROOT-0, found-3)
nsubjpass(found-3, It-1)
auxpass(found-3, was-2)
mark(important-12, that-4)
nsubj(important-12, quality-5)
case(data-9, of-6)
compound(data-9, protein-7)
compound(data-9, interaction-8)
nmod:of(quality-5, data-9)
cop(important-12, was-10)
advmod(important-12, more-11)
ccomp(found-3, important-12)
case(volume-15, than-13)
nmod:poss(volume-15, its-14)
nmod:than(important-12, volume-15)
punct(found-3, .-16)

Sentence #6 (16 tokens):
The fatality of suicide attempts is also higher in bd than in the general population.

Tokens:
[Text=The CharacterOffsetBegin=492 CharacterOffsetEnd=495 PartOfSpeech=DT]
[Text=fatality CharacterOffsetBegin=496 CharacterOffsetEnd=504 PartOfSpeech=NN]
[Text=of CharacterOffsetBegin=505 CharacterOffsetEnd=507 PartOfSpeech=IN]
[Text=suicide CharacterOffsetBegin=508 CharacterOffsetEnd=515 PartOfSpeech=NN]
[Text=attempts CharacterOffsetBegin=516 CharacterOffsetEnd=524 PartOfSpeech=NNS]
[Text=is CharacterOffsetBegin=525 CharacterOffsetEnd=527 PartOfSpeech=VBZ]
[Text=also CharacterOffsetBegin=528 CharacterOffsetEnd=532 PartOfSpeech=RB]
[Text=higher CharacterOffsetBegin=533 CharacterOffsetEnd=539 PartOfSpeech=JJR]
[Text=in CharacterOffsetBegin=540 CharacterOffsetEnd=542 PartOfSpeech=IN]
[Text=bd CharacterOffsetBegin=543 CharacterOffsetEnd=545 PartOfSpeech=NN]
[Text=than CharacterOffsetBegin=546 CharacterOffsetEnd=550 PartOfSpeech=IN]
[Text=in CharacterOffsetBegin=551 CharacterOffsetEnd=553 PartOfSpeech=IN]
[Text=the CharacterOffsetBegin=554 CharacterOffsetEnd=557 PartOfSpeech=DT]
[Text=general CharacterOffsetBegin=558 CharacterOffsetEnd=565 PartOfSpeech=JJ]
[Text=population CharacterOffsetBegin=566 CharacterOffsetEnd=576 PartOfSpeech=NN]
[Text=. CharacterOffsetBegin=576 CharacterOffsetEnd=577 PartOfSpeech=.]

Dependency Parse (enhanced plus plus dependencies):
root(ROOT-0, higher-8)
det(fatality-2, The-1)
nsubj(higher-8, fatality-2)
case(attempts-5, of-3)
compound(attempts-5, suicide-4)
nmod:of(fatality-2, attempts-5)
cop(higher-8, is-6)
advmod(higher-8, also-7)
case(bd-10, in-9)
nmod:in(higher-8, bd-10)
case(population-15, than-11)
case(population-15, in-12)
det(population-15, the-13)
amod(population-15, general-14)
nmod:in(higher-8, population-15)
punct(higher-8, .-16)

Sentence #7 (15 tokens):
The results showed that our strategy was more advantageous than the hypergeometric distribution method .

Tokens:
[Text=The CharacterOffsetBegin=579 CharacterOffsetEnd=582 PartOfSpeech=DT]
[Text=results CharacterOffsetBegin=583 CharacterOffsetEnd=590 PartOfSpeech=NNS]
[Text=showed CharacterOffsetBegin=591 CharacterOffsetEnd=597 PartOfSpeech=VBD]
[Text=that CharacterOffsetBegin=598 CharacterOffsetEnd=602 PartOfSpeech=IN]
[Text=our CharacterOffsetBegin=603 CharacterOffsetEnd=606 PartOfSpeech=PRP$]
[Text=strategy CharacterOffsetBegin=607 CharacterOffsetEnd=615 PartOfSpeech=NN]
[Text=was CharacterOffsetBegin=616 CharacterOffsetEnd=619 PartOfSpeech=VBD]
[Text=more CharacterOffsetBegin=620 CharacterOffsetEnd=624 PartOfSpeech=RBR]
[Text=advantageous CharacterOffsetBegin=625 CharacterOffsetEnd=637 PartOfSpeech=JJ]
[Text=than CharacterOffsetBegin=638 CharacterOffsetEnd=642 PartOfSpeech=IN]
[Text=the CharacterOffsetBegin=643 CharacterOffsetEnd=646 PartOfSpeech=DT]
[Text=hypergeometric CharacterOffsetBegin=647 CharacterOffsetEnd=661 PartOfSpeech=JJ]
[Text=distribution CharacterOffsetBegin=662 CharacterOffsetEnd=674 PartOfSpeech=NN]
[Text=method CharacterOffsetBegin=675 CharacterOffsetEnd=681 PartOfSpeech=NN]
[Text=. CharacterOffsetBegin=682 CharacterOffsetEnd=683 PartOfSpeech=.]

Dependency Parse (enhanced plus plus dependencies):
root(ROOT-0, showed-3)
det(results-2, The-1)
nsubj(showed-3, results-2)
mark(advantageous-9, that-4)
nmod:poss(strategy-6, our-5)
nsubj(advantageous-9, strategy-6)
cop(advantageous-9, was-7)
advmod(advantageous-9, more-8)
ccomp(showed-3, advantageous-9)
case(method-14, than-10)
det(method-14, the-11)
amod(method-14, hypergeometric-12)
compound(method-14, distribution-13)
nmod:than(advantageous-9, method-14)
punct(showed-3, .-15)

Sentence #8 (19 tokens):
Recently, it has been suggested that sc precursors may be more beneficial than scs from newborn rodents.

Tokens:
[Text=Recently CharacterOffsetBegin=685 CharacterOffsetEnd=693 PartOfSpeech=RB]
[Text=, CharacterOffsetBegin=693 CharacterOffsetEnd=694 PartOfSpeech=,]
[Text=it CharacterOffsetBegin=695 CharacterOffsetEnd=697 PartOfSpeech=PRP]
[Text=has CharacterOffsetBegin=698 CharacterOffsetEnd=701 PartOfSpeech=VBZ]
[Text=been CharacterOffsetBegin=702 CharacterOffsetEnd=706 PartOfSpeech=VBN]
[Text=suggested CharacterOffsetBegin=707 CharacterOffsetEnd=716 PartOfSpeech=VBN]
[Text=that CharacterOffsetBegin=717 CharacterOffsetEnd=721 PartOfSpeech=IN]
[Text=sc CharacterOffsetBegin=722 CharacterOffsetEnd=724 PartOfSpeech=NN]
[Text=precursors CharacterOffsetBegin=725 CharacterOffsetEnd=735 PartOfSpeech=NNS]
[Text=may CharacterOffsetBegin=736 CharacterOffsetEnd=739 PartOfSpeech=MD]
[Text=be CharacterOffsetBegin=740 CharacterOffsetEnd=742 PartOfSpeech=VB]
[Text=more CharacterOffsetBegin=743 CharacterOffsetEnd=747 PartOfSpeech=RBR]
[Text=beneficial CharacterOffsetBegin=748 CharacterOffsetEnd=758 PartOfSpeech=JJ]
[Text=than CharacterOffsetBegin=759 CharacterOffsetEnd=763 PartOfSpeech=IN]
[Text=scs CharacterOffsetBegin=764 CharacterOffsetEnd=767 PartOfSpeech=NNS]
[Text=from CharacterOffsetBegin=768 CharacterOffsetEnd=772 PartOfSpeech=IN]
[Text=newborn CharacterOffsetBegin=773 CharacterOffsetEnd=780 PartOfSpeech=JJ]
[Text=rodents CharacterOffsetBegin=781 CharacterOffsetEnd=788 PartOfSpeech=NNS]
[Text=. CharacterOffsetBegin=788 CharacterOffsetEnd=789 PartOfSpeech=.]

Dependency Parse (enhanced plus plus dependencies):
root(ROOT-0, suggested-6)
advmod(suggested-6, Recently-1)
punct(suggested-6, ,-2)
nsubjpass(suggested-6, it-3)
aux(suggested-6, has-4)
auxpass(suggested-6, been-5)
mark(beneficial-13, that-7)
compound(precursors-9, sc-8)
nsubj(beneficial-13, precursors-9)
aux(beneficial-13, may-10)
cop(beneficial-13, be-11)
advmod(beneficial-13, more-12)
ccomp(suggested-6, beneficial-13)
case(scs-15, than-14)
nmod:than(beneficial-13, scs-15)
case(rodents-18, from-16)
amod(rodents-18, newborn-17)
nmod:from(scs-15, rodents-18)
punct(suggested-6, .-19)

Sentence #9 (15 tokens):
These estimates of efficacy are more conservative than those reported in a previous review.

Tokens:
[Text=These CharacterOffsetBegin=791 CharacterOffsetEnd=796 PartOfSpeech=DT]
[Text=estimates CharacterOffsetBegin=797 CharacterOffsetEnd=806 PartOfSpeech=NNS]
[Text=of CharacterOffsetBegin=807 CharacterOffsetEnd=809 PartOfSpeech=IN]
[Text=efficacy CharacterOffsetBegin=810 CharacterOffsetEnd=818 PartOfSpeech=NN]
[Text=are CharacterOffsetBegin=819 CharacterOffsetEnd=822 PartOfSpeech=VBP]
[Text=more CharacterOffsetBegin=823 CharacterOffsetEnd=827 PartOfSpeech=RBR]
[Text=conservative CharacterOffsetBegin=828 CharacterOffsetEnd=840 PartOfSpeech=JJ]
[Text=than CharacterOffsetBegin=841 CharacterOffsetEnd=845 PartOfSpeech=IN]
[Text=those CharacterOffsetBegin=846 CharacterOffsetEnd=851 PartOfSpeech=DT]
[Text=reported CharacterOffsetBegin=852 CharacterOffsetEnd=860 PartOfSpeech=VBN]
[Text=in CharacterOffsetBegin=861 CharacterOffsetEnd=863 PartOfSpeech=IN]
[Text=a CharacterOffsetBegin=864 CharacterOffsetEnd=865 PartOfSpeech=DT]
[Text=previous CharacterOffsetBegin=866 CharacterOffsetEnd=874 PartOfSpeech=JJ]
[Text=review CharacterOffsetBegin=875 CharacterOffsetEnd=881 PartOfSpeech=NN]
[Text=. CharacterOffsetBegin=881 CharacterOffsetEnd=882 PartOfSpeech=.]

Dependency Parse (enhanced plus plus dependencies):
root(ROOT-0, conservative-7)
det(estimates-2, These-1)
nsubj(conservative-7, estimates-2)
case(efficacy-4, of-3)
nmod:of(estimates-2, efficacy-4)
cop(conservative-7, are-5)
advmod(conservative-7, more-6)
case(those-9, than-8)
nmod:than(conservative-7, those-9)
acl(those-9, reported-10)
case(review-14, in-11)
det(review-14, a-12)
amod(review-14, previous-13)
nmod:in(reported-10, review-14)
punct(conservative-7, .-15)

Sentence #10 (20 tokens):
The size of the gap in the cord is also larger at this stage than at all other stages .

Tokens:
[Text=The CharacterOffsetBegin=884 CharacterOffsetEnd=887 PartOfSpeech=DT]
[Text=size CharacterOffsetBegin=888 CharacterOffsetEnd=892 PartOfSpeech=NN]
[Text=of CharacterOffsetBegin=893 CharacterOffsetEnd=895 PartOfSpeech=IN]
[Text=the CharacterOffsetBegin=896 CharacterOffsetEnd=899 PartOfSpeech=DT]
[Text=gap CharacterOffsetBegin=900 CharacterOffsetEnd=903 PartOfSpeech=NN]
[Text=in CharacterOffsetBegin=904 CharacterOffsetEnd=906 PartOfSpeech=IN]
[Text=the CharacterOffsetBegin=907 CharacterOffsetEnd=910 PartOfSpeech=DT]
[Text=cord CharacterOffsetBegin=911 CharacterOffsetEnd=915 PartOfSpeech=NN]
[Text=is CharacterOffsetBegin=916 CharacterOffsetEnd=918 PartOfSpeech=VBZ]
[Text=also CharacterOffsetBegin=919 CharacterOffsetEnd=923 PartOfSpeech=RB]
[Text=larger CharacterOffsetBegin=924 CharacterOffsetEnd=930 PartOfSpeech=JJR]
[Text=at CharacterOffsetBegin=931 CharacterOffsetEnd=933 PartOfSpeech=IN]
[Text=this CharacterOffsetBegin=934 CharacterOffsetEnd=938 PartOfSpeech=DT]
[Text=stage CharacterOffsetBegin=939 CharacterOffsetEnd=944 PartOfSpeech=NN]
[Text=than CharacterOffsetBegin=945 CharacterOffsetEnd=949 PartOfSpeech=IN]
[Text=at CharacterOffsetBegin=950 CharacterOffsetEnd=952 PartOfSpeech=IN]
[Text=all CharacterOffsetBegin=953 CharacterOffsetEnd=956 PartOfSpeech=DT]
[Text=other CharacterOffsetBegin=957 CharacterOffsetEnd=962 PartOfSpeech=JJ]
[Text=stages CharacterOffsetBegin=963 CharacterOffsetEnd=969 PartOfSpeech=NNS]
[Text=. CharacterOffsetBegin=970 CharacterOffsetEnd=971 PartOfSpeech=.]

Dependency Parse (enhanced plus plus dependencies):
root(ROOT-0, larger-11)
det(size-2, The-1)
nsubj(larger-11, size-2)
case(gap-5, of-3)
det(gap-5, the-4)
nmod:of(size-2, gap-5)
case(cord-8, in-6)
det(cord-8, the-7)
nmod:in(gap-5, cord-8)
cop(larger-11, is-9)
advmod(larger-11, also-10)
case(stage-14, at-12)
det(stage-14, this-13)
nmod:at(larger-11, stage-14)
case(stages-19, than-15)
case(stages-19, at-16)
det(stages-19, all-17)
amod(stages-19, other-18)
nmod:at(larger-11, stages-19)
punct(larger-11, .-20)

Sentence #11 (17 tokens):
Studies in rat models revealed that escitalopram was less effective than fluoxetine in reducing withdrawal symptoms.

Tokens:
[Text=Studies CharacterOffsetBegin=973 CharacterOffsetEnd=980 PartOfSpeech=NNS]
[Text=in CharacterOffsetBegin=981 CharacterOffsetEnd=983 PartOfSpeech=IN]
[Text=rat CharacterOffsetBegin=984 CharacterOffsetEnd=987 PartOfSpeech=NN]
[Text=models CharacterOffsetBegin=988 CharacterOffsetEnd=994 PartOfSpeech=NNS]
[Text=revealed CharacterOffsetBegin=995 CharacterOffsetEnd=1003 PartOfSpeech=VBD]
[Text=that CharacterOffsetBegin=1004 CharacterOffsetEnd=1008 PartOfSpeech=IN]
[Text=escitalopram CharacterOffsetBegin=1009 CharacterOffsetEnd=1021 PartOfSpeech=NN]
[Text=was CharacterOffsetBegin=1022 CharacterOffsetEnd=1025 PartOfSpeech=VBD]
[Text=less CharacterOffsetBegin=1026 CharacterOffsetEnd=1030 PartOfSpeech=RBR]
[Text=effective CharacterOffsetBegin=1031 CharacterOffsetEnd=1040 PartOfSpeech=JJ]
[Text=than CharacterOffsetBegin=1041 CharacterOffsetEnd=1045 PartOfSpeech=IN]
[Text=fluoxetine CharacterOffsetBegin=1046 CharacterOffsetEnd=1056 PartOfSpeech=NN]
[Text=in CharacterOffsetBegin=1057 CharacterOffsetEnd=1059 PartOfSpeech=IN]
[Text=reducing CharacterOffsetBegin=1060 CharacterOffsetEnd=1068 PartOfSpeech=VBG]
[Text=withdrawal CharacterOffsetBegin=1069 CharacterOffsetEnd=1079 PartOfSpeech=NN]
[Text=symptoms CharacterOffsetBegin=1080 CharacterOffsetEnd=1088 PartOfSpeech=NNS]
[Text=. CharacterOffsetBegin=1088 CharacterOffsetEnd=1089 PartOfSpeech=.]

Dependency Parse (enhanced plus plus dependencies):
root(ROOT-0, revealed-5)
nsubj(revealed-5, Studies-1)
case(models-4, in-2)
compound(models-4, rat-3)
nmod:in(Studies-1, models-4)
mark(effective-10, that-6)
nsubj(effective-10, escitalopram-7)
cop(effective-10, was-8)
advmod(effective-10, less-9)
ccomp(revealed-5, effective-10)
case(fluoxetine-12, than-11)
nmod:than(effective-10, fluoxetine-12)
mark(reducing-14, in-13)
advcl:in(effective-10, reducing-14)
compound(symptoms-16, withdrawal-15)
dobj(reducing-14, symptoms-16)
punct(revealed-5, .-17)

Sentence #12 (19 tokens):
These double-knockout mice are significantly smaller than their single-gene null parents and show much more severe muscle disease.

Tokens:
[Text=These CharacterOffsetBegin=1091 CharacterOffsetEnd=1096 PartOfSpeech=DT]
[Text=double-knockout CharacterOffsetBegin=1097 CharacterOffsetEnd=1112 PartOfSpeech=JJ]
[Text=mice CharacterOffsetBegin=1113 CharacterOffsetEnd=1117 PartOfSpeech=NNS]
[Text=are CharacterOffsetBegin=1118 CharacterOffsetEnd=1121 PartOfSpeech=VBP]
[Text=significantly CharacterOffsetBegin=1122 CharacterOffsetEnd=1135 PartOfSpeech=RB]
[Text=smaller CharacterOffsetBegin=1136 CharacterOffsetEnd=1143 PartOfSpeech=JJR]
[Text=than CharacterOffsetBegin=1144 CharacterOffsetEnd=1148 PartOfSpeech=IN]
[Text=their CharacterOffsetBegin=1149 CharacterOffsetEnd=1154 PartOfSpeech=PRP$]
[Text=single-gene CharacterOffsetBegin=1155 CharacterOffsetEnd=1166 PartOfSpeech=JJ]
[Text=null CharacterOffsetBegin=1167 CharacterOffsetEnd=1171 PartOfSpeech=JJ]
[Text=parents CharacterOffsetBegin=1172 CharacterOffsetEnd=1179 PartOfSpeech=NNS]
[Text=and CharacterOffsetBegin=1180 CharacterOffsetEnd=1183 PartOfSpeech=CC]
[Text=show CharacterOffsetBegin=1184 CharacterOffsetEnd=1188 PartOfSpeech=VBP]
[Text=much CharacterOffsetBegin=1189 CharacterOffsetEnd=1193 PartOfSpeech=RB]
[Text=more CharacterOffsetBegin=1194 CharacterOffsetEnd=1198 PartOfSpeech=RBR]
[Text=severe CharacterOffsetBegin=1199 CharacterOffsetEnd=1205 PartOfSpeech=JJ]
[Text=muscle CharacterOffsetBegin=1206 CharacterOffsetEnd=1212 PartOfSpeech=NN]
[Text=disease CharacterOffsetBegin=1213 CharacterOffsetEnd=1220 PartOfSpeech=NN]
[Text=. CharacterOffsetBegin=1220 CharacterOffsetEnd=1221 PartOfSpeech=.]

Dependency Parse (enhanced plus plus dependencies):
root(ROOT-0, smaller-6)
det(mice-3, These-1)
amod(mice-3, double-knockout-2)
nsubj(smaller-6, mice-3)
nsubj(show-13, mice-3)
cop(smaller-6, are-4)
advmod(smaller-6, significantly-5)
case(parents-11, than-7)
nmod:poss(parents-11, their-8)
amod(parents-11, single-gene-9)
amod(parents-11, null-10)
nmod:than(smaller-6, parents-11)
cc(smaller-6, and-12)
conj:and(smaller-6, show-13)
advmod(more-15, much-14)
amod(disease-18, more-15)
amod(disease-18, severe-16)
compound(disease-18, muscle-17)
dobj(show-13, disease-18)
punct(smaller-6, .-19)

Sentence #13 (18 tokens):
Body mass index was significantly lower in the laparoscopic Nissen fundoplication group than in the PPI group.

Tokens:
[Text=Body CharacterOffsetBegin=1223 CharacterOffsetEnd=1227 PartOfSpeech=NN]
[Text=mass CharacterOffsetBegin=1228 CharacterOffsetEnd=1232 PartOfSpeech=NN]
[Text=index CharacterOffsetBegin=1233 CharacterOffsetEnd=1238 PartOfSpeech=NN]
[Text=was CharacterOffsetBegin=1239 CharacterOffsetEnd=1242 PartOfSpeech=VBD]
[Text=significantly CharacterOffsetBegin=1243 CharacterOffsetEnd=1256 PartOfSpeech=RB]
[Text=lower CharacterOffsetBegin=1257 CharacterOffsetEnd=1262 PartOfSpeech=JJR]
[Text=in CharacterOffsetBegin=1263 CharacterOffsetEnd=1265 PartOfSpeech=IN]
[Text=the CharacterOffsetBegin=1266 CharacterOffsetEnd=1269 PartOfSpeech=DT]
[Text=laparoscopic CharacterOffsetBegin=1270 CharacterOffsetEnd=1282 PartOfSpeech=JJ]
[Text=Nissen CharacterOffsetBegin=1283 CharacterOffsetEnd=1289 PartOfSpeech=NN]
[Text=fundoplication CharacterOffsetBegin=1290 CharacterOffsetEnd=1304 PartOfSpeech=NN]
[Text=group CharacterOffsetBegin=1305 CharacterOffsetEnd=1310 PartOfSpeech=NN]
[Text=than CharacterOffsetBegin=1311 CharacterOffsetEnd=1315 PartOfSpeech=IN]
[Text=in CharacterOffsetBegin=1316 CharacterOffsetEnd=1318 PartOfSpeech=IN]
[Text=the CharacterOffsetBegin=1319 CharacterOffsetEnd=1322 PartOfSpeech=DT]
[Text=PPI CharacterOffsetBegin=1323 CharacterOffsetEnd=1326 PartOfSpeech=NNP]
[Text=group CharacterOffsetBegin=1327 CharacterOffsetEnd=1332 PartOfSpeech=NN]
[Text=. CharacterOffsetBegin=1332 CharacterOffsetEnd=1333 PartOfSpeech=.]

Dependency Parse (enhanced plus plus dependencies):
root(ROOT-0, lower-6)
compound(index-3, Body-1)
compound(index-3, mass-2)
nsubj(lower-6, index-3)
cop(lower-6, was-4)
advmod(lower-6, significantly-5)
case(group-12, in-7)
det(group-12, the-8)
amod(group-12, laparoscopic-9)
compound(group-12, Nissen-10)
compound(group-12, fundoplication-11)
nmod:in(lower-6, group-12)
case(group-17, than-13)
case(group-17, in-14)
det(group-17, the-15)
compound(group-17, PPI-16)
nmod:in(lower-6, group-17)
punct(lower-6, .-18)

Sentence #14 (18 tokens):
Upper esophageal sphincter pressure was lower in the laparoscopic Nissen fundoplication group than in the PPI group.

Tokens:
[Text=Upper CharacterOffsetBegin=1335 CharacterOffsetEnd=1340 PartOfSpeech=NNP]
[Text=esophageal CharacterOffsetBegin=1341 CharacterOffsetEnd=1351 PartOfSpeech=NN]
[Text=sphincter CharacterOffsetBegin=1352 CharacterOffsetEnd=1361 PartOfSpeech=NN]
[Text=pressure CharacterOffsetBegin=1362 CharacterOffsetEnd=1370 PartOfSpeech=NN]
[Text=was CharacterOffsetBegin=1371 CharacterOffsetEnd=1374 PartOfSpeech=VBD]
[Text=lower CharacterOffsetBegin=1375 CharacterOffsetEnd=1380 PartOfSpeech=JJR]
[Text=in CharacterOffsetBegin=1381 CharacterOffsetEnd=1383 PartOfSpeech=IN]
[Text=the CharacterOffsetBegin=1384 CharacterOffsetEnd=1387 PartOfSpeech=DT]
[Text=laparoscopic CharacterOffsetBegin=1388 CharacterOffsetEnd=1400 PartOfSpeech=JJ]
[Text=Nissen CharacterOffsetBegin=1401 CharacterOffsetEnd=1407 PartOfSpeech=NN]
[Text=fundoplication CharacterOffsetBegin=1408 CharacterOffsetEnd=1422 PartOfSpeech=NN]
[Text=group CharacterOffsetBegin=1423 CharacterOffsetEnd=1428 PartOfSpeech=NN]
[Text=than CharacterOffsetBegin=1429 CharacterOffsetEnd=1433 PartOfSpeech=IN]
[Text=in CharacterOffsetBegin=1434 CharacterOffsetEnd=1436 PartOfSpeech=IN]
[Text=the CharacterOffsetBegin=1437 CharacterOffsetEnd=1440 PartOfSpeech=DT]
[Text=PPI CharacterOffsetBegin=1441 CharacterOffsetEnd=1444 PartOfSpeech=NNP]
[Text=group CharacterOffsetBegin=1445 CharacterOffsetEnd=1450 PartOfSpeech=NN]
[Text=. CharacterOffsetBegin=1450 CharacterOffsetEnd=1451 PartOfSpeech=.]

Dependency Parse (enhanced plus plus dependencies):
root(ROOT-0, lower-6)
compound(pressure-4, Upper-1)
compound(pressure-4, esophageal-2)
compound(pressure-4, sphincter-3)
nsubj(lower-6, pressure-4)
cop(lower-6, was-5)
case(group-12, in-7)
det(group-12, the-8)
amod(group-12, laparoscopic-9)
compound(group-12, Nissen-10)
compound(group-12, fundoplication-11)
nmod:in(lower-6, group-12)
case(group-17, than-13)
case(group-17, in-14)
det(group-17, the-15)
compound(group-17, PPI-16)
nmod:than(lower-6, group-17)
punct(lower-6, .-18)

Sentence #15 (24 tokens):
Median distal esophageal Mean nocturnal baseline impedance was lower in the acid reflux group  than in the NAR  or no abnormal reflux groups.

Tokens:
[Text=Median CharacterOffsetBegin=1453 CharacterOffsetEnd=1459 PartOfSpeech=JJ]
[Text=distal CharacterOffsetBegin=1460 CharacterOffsetEnd=1466 PartOfSpeech=JJ]
[Text=esophageal CharacterOffsetBegin=1467 CharacterOffsetEnd=1477 PartOfSpeech=NN]
[Text=Mean CharacterOffsetBegin=1478 CharacterOffsetEnd=1482 PartOfSpeech=NN]
[Text=nocturnal CharacterOffsetBegin=1483 CharacterOffsetEnd=1492 PartOfSpeech=JJ]
[Text=baseline CharacterOffsetBegin=1493 CharacterOffsetEnd=1501 PartOfSpeech=NN]
[Text=impedance CharacterOffsetBegin=1502 CharacterOffsetEnd=1511 PartOfSpeech=NN]
[Text=was CharacterOffsetBegin=1512 CharacterOffsetEnd=1515 PartOfSpeech=VBD]
[Text=lower CharacterOffsetBegin=1516 CharacterOffsetEnd=1521 PartOfSpeech=JJR]
[Text=in CharacterOffsetBegin=1522 CharacterOffsetEnd=1524 PartOfSpeech=IN]
[Text=the CharacterOffsetBegin=1525 CharacterOffsetEnd=1528 PartOfSpeech=DT]
[Text=acid CharacterOffsetBegin=1529 CharacterOffsetEnd=1533 PartOfSpeech=NN]
[Text=reflux CharacterOffsetBegin=1534 CharacterOffsetEnd=1540 PartOfSpeech=NN]
[Text=group CharacterOffsetBegin=1541 CharacterOffsetEnd=1546 PartOfSpeech=NN]
[Text=than CharacterOffsetBegin=1548 CharacterOffsetEnd=1552 PartOfSpeech=IN]
[Text=in CharacterOffsetBegin=1553 CharacterOffsetEnd=1555 PartOfSpeech=IN]
[Text=the CharacterOffsetBegin=1556 CharacterOffsetEnd=1559 PartOfSpeech=DT]
[Text=NAR CharacterOffsetBegin=1560 CharacterOffsetEnd=1563 PartOfSpeech=NN]
[Text=or CharacterOffsetBegin=1565 CharacterOffsetEnd=1567 PartOfSpeech=CC]
[Text=no CharacterOffsetBegin=1568 CharacterOffsetEnd=1570 PartOfSpeech=DT]
[Text=abnormal CharacterOffsetBegin=1571 CharacterOffsetEnd=1579 PartOfSpeech=JJ]
[Text=reflux CharacterOffsetBegin=1580 CharacterOffsetEnd=1586 PartOfSpeech=NN]
[Text=groups CharacterOffsetBegin=1587 CharacterOffsetEnd=1593 PartOfSpeech=NNS]
[Text=. CharacterOffsetBegin=1593 CharacterOffsetEnd=1594 PartOfSpeech=.]

Dependency Parse (enhanced plus plus dependencies):
root(ROOT-0, lower-9)
amod(impedance-7, Median-1)
amod(impedance-7, distal-2)
compound(impedance-7, esophageal-3)
compound(impedance-7, Mean-4)
amod(impedance-7, nocturnal-5)
compound(impedance-7, baseline-6)
nsubj(lower-9, impedance-7)
cop(lower-9, was-8)
case(group-14, in-10)
det(group-14, the-11)
compound(group-14, acid-12)
compound(group-14, reflux-13)
nmod:in(lower-9, group-14)
case(NAR-18, than-15)
case(NAR-18, in-16)
det(NAR-18, the-17)
nmod:than(lower-9, NAR-18)
cc(NAR-18, or-19)
neg(groups-23, no-20)
amod(groups-23, abnormal-21)
compound(groups-23, reflux-22)
nmod:than(lower-9, groups-23)
conj:or(NAR-18, groups-23)
punct(lower-9, .-24)

Sentence #16 (15 tokens):
The 325 distal reflux episodes were significantly more frequent than the 58 proximal ones.

Tokens:
[Text=The CharacterOffsetBegin=1596 CharacterOffsetEnd=1599 PartOfSpeech=DT]
[Text=325 CharacterOffsetBegin=1600 CharacterOffsetEnd=1603 PartOfSpeech=CD]
[Text=distal CharacterOffsetBegin=1604 CharacterOffsetEnd=1610 PartOfSpeech=JJ]
[Text=reflux CharacterOffsetBegin=1611 CharacterOffsetEnd=1617 PartOfSpeech=NN]
[Text=episodes CharacterOffsetBegin=1618 CharacterOffsetEnd=1626 PartOfSpeech=NNS]
[Text=were CharacterOffsetBegin=1627 CharacterOffsetEnd=1631 PartOfSpeech=VBD]
[Text=significantly CharacterOffsetBegin=1632 CharacterOffsetEnd=1645 PartOfSpeech=RB]
[Text=more CharacterOffsetBegin=1646 CharacterOffsetEnd=1650 PartOfSpeech=RBR]
[Text=frequent CharacterOffsetBegin=1651 CharacterOffsetEnd=1659 PartOfSpeech=JJ]
[Text=than CharacterOffsetBegin=1660 CharacterOffsetEnd=1664 PartOfSpeech=IN]
[Text=the CharacterOffsetBegin=1665 CharacterOffsetEnd=1668 PartOfSpeech=DT]
[Text=58 CharacterOffsetBegin=1669 CharacterOffsetEnd=1671 PartOfSpeech=CD]
[Text=proximal CharacterOffsetBegin=1672 CharacterOffsetEnd=1680 PartOfSpeech=JJ]
[Text=ones CharacterOffsetBegin=1681 CharacterOffsetEnd=1685 PartOfSpeech=NNS]
[Text=. CharacterOffsetBegin=1685 CharacterOffsetEnd=1686 PartOfSpeech=.]

Dependency Parse (enhanced plus plus dependencies):
root(ROOT-0, frequent-9)
det(episodes-5, The-1)
nummod(episodes-5, 325-2)
amod(episodes-5, distal-3)
compound(episodes-5, reflux-4)
nsubj(frequent-9, episodes-5)
cop(frequent-9, were-6)
advmod(frequent-9, significantly-7)
advmod(frequent-9, more-8)
case(ones-14, than-10)
det(ones-14, the-11)
nummod(ones-14, 58-12)
amod(ones-14, proximal-13)
nmod:than(frequent-9, ones-14)
punct(frequent-9, .-15)

Sentence #17 (16 tokens):
No Web site was statistically better than the condition average for childhood asthma and obesity.

Tokens:
[Text=No CharacterOffsetBegin=1688 CharacterOffsetEnd=1690 PartOfSpeech=DT]
[Text=Web CharacterOffsetBegin=1691 CharacterOffsetEnd=1694 PartOfSpeech=NN]
[Text=site CharacterOffsetBegin=1695 CharacterOffsetEnd=1699 PartOfSpeech=NN]
[Text=was CharacterOffsetBegin=1700 CharacterOffsetEnd=1703 PartOfSpeech=VBD]
[Text=statistically CharacterOffsetBegin=1704 CharacterOffsetEnd=1717 PartOfSpeech=RB]
[Text=better CharacterOffsetBegin=1718 CharacterOffsetEnd=1724 PartOfSpeech=JJR]
[Text=than CharacterOffsetBegin=1725 CharacterOffsetEnd=1729 PartOfSpeech=IN]
[Text=the CharacterOffsetBegin=1730 CharacterOffsetEnd=1733 PartOfSpeech=DT]
[Text=condition CharacterOffsetBegin=1734 CharacterOffsetEnd=1743 PartOfSpeech=NN]
[Text=average CharacterOffsetBegin=1744 CharacterOffsetEnd=1751 PartOfSpeech=NN]
[Text=for CharacterOffsetBegin=1752 CharacterOffsetEnd=1755 PartOfSpeech=IN]
[Text=childhood CharacterOffsetBegin=1756 CharacterOffsetEnd=1765 PartOfSpeech=NN]
[Text=asthma CharacterOffsetBegin=1766 CharacterOffsetEnd=1772 PartOfSpeech=NN]
[Text=and CharacterOffsetBegin=1773 CharacterOffsetEnd=1776 PartOfSpeech=CC]
[Text=obesity CharacterOffsetBegin=1777 CharacterOffsetEnd=1784 PartOfSpeech=NN]
[Text=. CharacterOffsetBegin=1784 CharacterOffsetEnd=1785 PartOfSpeech=.]

Dependency Parse (enhanced plus plus dependencies):
root(ROOT-0, better-6)
neg(site-3, No-1)
compound(site-3, Web-2)
nsubj(better-6, site-3)
cop(better-6, was-4)
advmod(better-6, statistically-5)
case(average-10, than-7)
det(average-10, the-8)
compound(average-10, condition-9)
nmod:than(better-6, average-10)
case(asthma-13, for-11)
compound(asthma-13, childhood-12)
nmod:for(average-10, asthma-13)
cc(asthma-13, and-14)
nmod:for(average-10, obesity-15)
conj:and(asthma-13, obesity-15)
punct(better-6, .-16)

Sentence #18 (10 tokens):
Overall, exacerbations were more prevalent than Community-acquired pneumonia.

Tokens:
[Text=Overall CharacterOffsetBegin=1787 CharacterOffsetEnd=1794 PartOfSpeech=RB]
[Text=, CharacterOffsetBegin=1794 CharacterOffsetEnd=1795 PartOfSpeech=,]
[Text=exacerbations CharacterOffsetBegin=1796 CharacterOffsetEnd=1809 PartOfSpeech=NNS]
[Text=were CharacterOffsetBegin=1810 CharacterOffsetEnd=1814 PartOfSpeech=VBD]
[Text=more CharacterOffsetBegin=1815 CharacterOffsetEnd=1819 PartOfSpeech=RBR]
[Text=prevalent CharacterOffsetBegin=1820 CharacterOffsetEnd=1829 PartOfSpeech=JJ]
[Text=than CharacterOffsetBegin=1830 CharacterOffsetEnd=1834 PartOfSpeech=IN]
[Text=Community-acquired CharacterOffsetBegin=1835 CharacterOffsetEnd=1853 PartOfSpeech=JJ]
[Text=pneumonia CharacterOffsetBegin=1854 CharacterOffsetEnd=1863 PartOfSpeech=NN]
[Text=. CharacterOffsetBegin=1863 CharacterOffsetEnd=1864 PartOfSpeech=.]

Dependency Parse (enhanced plus plus dependencies):
root(ROOT-0, prevalent-6)
advmod(prevalent-6, Overall-1)
punct(prevalent-6, ,-2)
nsubj(prevalent-6, exacerbations-3)
cop(prevalent-6, were-4)
advmod(prevalent-6, more-5)
case(pneumonia-9, than-7)
amod(pneumonia-9, Community-acquired-8)
nmod:than(prevalent-6, pneumonia-9)
punct(prevalent-6, .-10)

Sentence #19 (21 tokens):
However, the percentage of women having non-erosive reflux disease  was higher than that of men having non-erosive reflux disease .

Tokens:
[Text=However CharacterOffsetBegin=1866 CharacterOffsetEnd=1873 PartOfSpeech=RB]
[Text=, CharacterOffsetBegin=1873 CharacterOffsetEnd=1874 PartOfSpeech=,]
[Text=the CharacterOffsetBegin=1875 CharacterOffsetEnd=1878 PartOfSpeech=DT]
[Text=percentage CharacterOffsetBegin=1879 CharacterOffsetEnd=1889 PartOfSpeech=NN]
[Text=of CharacterOffsetBegin=1890 CharacterOffsetEnd=1892 PartOfSpeech=IN]
[Text=women CharacterOffsetBegin=1893 CharacterOffsetEnd=1898 PartOfSpeech=NNS]
[Text=having CharacterOffsetBegin=1899 CharacterOffsetEnd=1905 PartOfSpeech=VBG]
[Text=non-erosive CharacterOffsetBegin=1906 CharacterOffsetEnd=1917 PartOfSpeech=JJ]
[Text=reflux CharacterOffsetBegin=1918 CharacterOffsetEnd=1924 PartOfSpeech=NN]
[Text=disease CharacterOffsetBegin=1925 CharacterOffsetEnd=1932 PartOfSpeech=NN]
[Text=was CharacterOffsetBegin=1934 CharacterOffsetEnd=1937 PartOfSpeech=VBD]
[Text=higher CharacterOffsetBegin=1938 CharacterOffsetEnd=1944 PartOfSpeech=JJR]
[Text=than CharacterOffsetBegin=1945 CharacterOffsetEnd=1949 PartOfSpeech=IN]
[Text=that CharacterOffsetBegin=1950 CharacterOffsetEnd=1954 PartOfSpeech=DT]
[Text=of CharacterOffsetBegin=1955 CharacterOffsetEnd=1957 PartOfSpeech=IN]
[Text=men CharacterOffsetBegin=1958 CharacterOffsetEnd=1961 PartOfSpeech=NNS]
[Text=having CharacterOffsetBegin=1962 CharacterOffsetEnd=1968 PartOfSpeech=VBG]
[Text=non-erosive CharacterOffsetBegin=1969 CharacterOffsetEnd=1980 PartOfSpeech=JJ]
[Text=reflux CharacterOffsetBegin=1981 CharacterOffsetEnd=1987 PartOfSpeech=NN]
[Text=disease CharacterOffsetBegin=1988 CharacterOffsetEnd=1995 PartOfSpeech=NN]
[Text=. CharacterOffsetBegin=1996 CharacterOffsetEnd=1997 PartOfSpeech=.]

Dependency Parse (enhanced plus plus dependencies):
root(ROOT-0, higher-12)
advmod(higher-12, However-1)
punct(higher-12, ,-2)
det(percentage-4, the-3)
nsubj(higher-12, percentage-4)
case(women-6, of-5)
nmod:of(percentage-4, women-6)
acl(women-6, having-7)
amod(disease-10, non-erosive-8)
compound(disease-10, reflux-9)
dobj(having-7, disease-10)
cop(higher-12, was-11)
case(that-14, than-13)
nmod:than(higher-12, that-14)
case(men-16, of-15)
nmod:of(that-14, men-16)
acl(men-16, having-17)
amod(disease-20, non-erosive-18)
compound(disease-20, reflux-19)
dobj(having-17, disease-20)
punct(higher-12, .-21)

Sentence #20 (17 tokens):
Hand reaction times were longer for the choice reaction time than for the simple reaction time .

Tokens:
[Text=Hand CharacterOffsetBegin=1999 CharacterOffsetEnd=2003 PartOfSpeech=VB]
[Text=reaction CharacterOffsetBegin=2004 CharacterOffsetEnd=2012 PartOfSpeech=NN]
[Text=times CharacterOffsetBegin=2013 CharacterOffsetEnd=2018 PartOfSpeech=NNS]
[Text=were CharacterOffsetBegin=2019 CharacterOffsetEnd=2023 PartOfSpeech=VBD]
[Text=longer CharacterOffsetBegin=2024 CharacterOffsetEnd=2030 PartOfSpeech=RBR]
[Text=for CharacterOffsetBegin=2031 CharacterOffsetEnd=2034 PartOfSpeech=IN]
[Text=the CharacterOffsetBegin=2035 CharacterOffsetEnd=2038 PartOfSpeech=DT]
[Text=choice CharacterOffsetBegin=2039 CharacterOffsetEnd=2045 PartOfSpeech=NN]
[Text=reaction CharacterOffsetBegin=2046 CharacterOffsetEnd=2054 PartOfSpeech=NN]
[Text=time CharacterOffsetBegin=2055 CharacterOffsetEnd=2059 PartOfSpeech=NN]
[Text=than CharacterOffsetBegin=2060 CharacterOffsetEnd=2064 PartOfSpeech=IN]
[Text=for CharacterOffsetBegin=2065 CharacterOffsetEnd=2068 PartOfSpeech=IN]
[Text=the CharacterOffsetBegin=2069 CharacterOffsetEnd=2072 PartOfSpeech=DT]
[Text=simple CharacterOffsetBegin=2073 CharacterOffsetEnd=2079 PartOfSpeech=JJ]
[Text=reaction CharacterOffsetBegin=2080 CharacterOffsetEnd=2088 PartOfSpeech=NN]
[Text=time CharacterOffsetBegin=2089 CharacterOffsetEnd=2093 PartOfSpeech=NN]
[Text=. CharacterOffsetBegin=2094 CharacterOffsetEnd=2095 PartOfSpeech=.]

Dependency Parse (enhanced plus plus dependencies):
root(ROOT-0, Hand-1)
compound(times-3, reaction-2)
nsubj(longer-5, times-3)
cop(longer-5, were-4)
ccomp(Hand-1, longer-5)
case(time-10, for-6)
det(time-10, the-7)
compound(time-10, choice-8)
compound(time-10, reaction-9)
nmod:for(longer-5, time-10)
case(time-16, than-11)
case(time-16, for-12)
det(time-16, the-13)
amod(time-16, simple-14)
compound(time-16, reaction-15)
nmod:than(longer-5, time-16)
punct(Hand-1, .-17)
